TN:
SF:src/App.js
FN:45,(anonymous_0)
FN:48,(anonymous_1)
FN:65,(anonymous_2)
FNF:3
FNH:3
FNDA:1,(anonymous_0)
FNDA:23,(anonymous_1)
FNDA:3,(anonymous_2)
DA:13,1
DA:14,0
DA:17,1
DA:43,1
DA:45,1
DA:46,1
DA:49,23
DA:65,1
DA:66,3
DA:67,1
DA:68,1
DA:69,1
DA:71,2
DA:91,1
LF:14
LH:13
BRDA:13,0,0,0
BRDA:13,0,1,1
BRDA:49,1,0,23
BRDA:49,1,1,0
BRDA:66,2,0,1
BRDA:66,2,1,2
BRDA:66,3,0,3
BRDA:66,3,1,2
BRDA:77,4,0,1
BRDA:77,4,1,1
BRF:10
BRH:8
end_of_record
TN:
SF:src/index.js
FN:17,moduleHotAccept
FN:19,(anonymous_1)
FNF:2
FNH:2
FNDA:2,moduleHotAccept
FNDA:1,(anonymous_1)
DA:8,1
DA:10,1
DA:15,1
DA:18,2
DA:19,1
DA:20,1
DA:21,1
LF:7
LH:7
BRDA:18,0,0,1
BRDA:18,0,1,1
BRF:2
BRH:2
end_of_record
TN:
SF:src/components/elements/ActivityCards/ActivityCards.js
FN:6,ActivityCards
FN:63,(anonymous_1)
FNF:2
FNH:2
FNDA:3,ActivityCards
FNDA:2,(anonymous_1)
DA:7,3
DA:8,3
DA:9,3
DA:11,3
DA:12,3
DA:13,3
DA:15,3
DA:36,3
DA:38,3
DA:59,3
DA:60,1
DA:63,2
DA:64,2
DA:65,1
DA:67,1
DA:81,2
DA:89,6
DA:96,6
LF:18
LH:18
BRDA:9,0,0,0
BRDA:9,0,1,3
BRDA:59,1,0,1
BRDA:59,1,1,2
BRDA:64,2,0,1
BRDA:64,2,1,1
BRDA:71,3,0,1
BRDA:71,3,1,1
BRDA:72,4,0,1
BRDA:72,4,1,0
BRF:10
BRH:8
end_of_record
TN:
SF:src/components/elements/ActivityCards/index.js
FNF:0
FNH:0
LF:0
LH:0
BRF:0
BRH:0
end_of_record
TN:
SF:src/components/elements/AppointmentDate/AppointmentDate.js
FN:7,AppointmentDate
FN:13,(anonymous_1)
FN:22,(anonymous_2)
FN:27,(anonymous_3)
FN:34,(anonymous_4)
FN:36,(anonymous_5)
FN:42,(anonymous_6)
FN:44,(anonymous_7)
FN:49,(anonymous_8)
FN:59,(anonymous_9)
FN:61,(anonymous_10)
FN:70,(anonymous_11)
FN:98,(anonymous_12)
FNF:13
FNH:13
FNDA:5,AppointmentDate
FNDA:6,(anonymous_1)
FNDA:1,(anonymous_2)
FNDA:2,(anonymous_3)
FNDA:5,(anonymous_4)
FNDA:3,(anonymous_5)
FNDA:5,(anonymous_6)
FNDA:3,(anonymous_7)
FNDA:6,(anonymous_8)
FNDA:5,(anonymous_9)
FNDA:2,(anonymous_10)
FNDA:6,(anonymous_11)
FNDA:2,(anonymous_12)
DA:8,5
DA:9,5
DA:10,5
DA:11,5
DA:13,5
DA:14,6
DA:22,5
DA:23,1
DA:24,1
DA:27,5
DA:28,2
DA:29,2
DA:30,2
DA:31,2
DA:34,5
DA:35,5
DA:36,3
DA:37,3
DA:38,3
DA:42,5
DA:43,5
DA:44,3
DA:46,4
DA:47,1
DA:49,3
DA:50,6
DA:59,5
DA:60,5
DA:61,2
DA:63,4
DA:64,1
DA:67,3
DA:68,3
DA:70,3
DA:71,6
DA:79,5
DA:93,5
DA:101,5
LF:38
LH:38
BRDA:28,0,0,1
BRDA:28,0,1,1
BRDA:35,1,0,3
BRDA:35,1,1,2
BRDA:43,2,0,1
BRDA:43,2,1,4
BRDA:46,3,0,1
BRDA:46,3,1,3
BRDA:50,4,0,3
BRDA:50,4,1,3
BRDA:60,5,0,1
BRDA:60,5,1,4
BRDA:63,6,0,1
BRDA:63,6,1,3
BRDA:68,7,0,1
BRDA:68,7,1,2
BRDA:71,8,0,3
BRDA:71,8,1,3
BRDA:71,9,0,6
BRDA:71,9,1,6
BRDA:72,10,0,6
BRDA:72,10,1,6
BRDA:74,11,0,6
BRDA:74,11,1,6
BRDA:74,11,2,4
BRDA:84,12,0,5
BRDA:84,12,1,1
BRF:27
BRH:27
end_of_record
TN:
SF:src/components/elements/AppointmentDate/index.js
FNF:0
FNH:0
LF:0
LH:0
BRF:0
BRH:0
end_of_record
TN:
SF:src/components/elements/Avatar/Avatar.js
FN:5,Avatar
FNF:1
FNH:1
FNDA:1,Avatar
DA:6,1
DA:7,1
DA:9,1
DA:12,5
DA:17,5
LF:5
LH:5
BRF:0
BRH:0
end_of_record
TN:
SF:src/components/elements/Avatar/index.js
FNF:0
FNH:0
LF:0
LH:0
BRF:0
BRH:0
end_of_record
TN:
SF:src/components/elements/Bullet/Bullet.js
FN:5,Bullet
FNF:1
FNH:1
FNDA:2,Bullet
DA:6,2
DA:7,2
DA:8,2
DA:9,2
DA:10,2
DA:12,2
DA:20,11
DA:28,11
LF:8
LH:8
BRDA:14,0,0,2
BRDA:14,0,1,1
BRF:2
BRH:2
end_of_record
TN:
SF:src/components/elements/Bullet/index.js
FNF:0
FNH:0
LF:0
LH:0
BRF:0
BRH:0
end_of_record
TN:
SF:src/components/elements/Button/Button.js
FN:6,Button
FNF:1
FNH:1
FNDA:2,Button
DA:7,2
DA:8,2
DA:10,2
DA:16,86
DA:26,86
LF:5
LH:5
BRDA:10,0,0,1
BRDA:10,0,1,1
BRF:2
BRH:2
end_of_record
TN:
SF:src/components/elements/Button/index.js
FNF:0
FNH:0
LF:0
LH:0
BRF:0
BRH:0
end_of_record
TN:
SF:src/components/elements/Card/Card.js
FN:6,Card
FNF:1
FNH:1
FNDA:4,Card
DA:7,4
DA:8,4
DA:10,4
DA:11,1
DA:14,3
DA:15,1
DA:19,2
DA:20,1
DA:24,1
DA:27,23
DA:37,23
LF:11
LH:11
BRDA:10,0,0,1
BRDA:10,0,1,3
BRDA:10,1,0,4
BRDA:10,1,1,2
BRDA:14,2,0,1
BRDA:14,2,1,2
BRDA:19,3,0,1
BRDA:19,3,1,1
BRF:8
BRH:8
end_of_record
TN:
SF:src/components/elements/Card/index.js
FNF:0
FNH:0
LF:0
LH:0
BRF:0
BRH:0
end_of_record
TN:
SF:src/components/elements/CircularProgress/CircularProgress.js
FN:5,CircularProgress
FNF:1
FNH:1
FNDA:3,CircularProgress
DA:13,3
DA:15,3
DA:16,3
DA:17,3
DA:18,3
DA:20,3
DA:52,3
DA:61,3
LF:8
LH:8
BRF:0
BRH:0
end_of_record
TN:
SF:src/components/elements/CircularProgress/index.js
FNF:0
FNH:0
LF:0
LH:0
BRF:0
BRH:0
end_of_record
TN:
SF:src/components/elements/CompleteBy/CompleteBy.js
FN:6,CompleteBy
FNF:1
FNH:1
FNDA:1,CompleteBy
DA:7,1
DA:8,1
DA:9,1
DA:10,1
DA:11,1
DA:21,7
DA:23,7
LF:7
LH:7
BRF:0
BRH:0
end_of_record
TN:
SF:src/components/elements/CompleteBy/index.js
FNF:0
FNH:0
LF:0
LH:0
BRF:0
BRH:0
end_of_record
TN:
SF:src/components/elements/ErrorBoundary/ErrorBoundary.js
FN:8,(anonymous_0)
FN:13,(anonymous_1)
FN:17,(anonymous_2)
FN:27,(anonymous_3)
FNF:4
FNH:4
FNDA:2,(anonymous_0)
FNDA:1,(anonymous_1)
FNDA:2,(anonymous_2)
FNDA:1,(anonymous_3)
DA:9,2
DA:10,2
DA:14,1
DA:18,2
DA:19,2
DA:21,2
DA:22,1
DA:25,1
DA:27,1
DA:33,2
DA:37,2
LF:11
LH:11
BRDA:21,0,0,1
BRDA:21,0,1,1
BRF:2
BRH:2
end_of_record
TN:
SF:src/components/elements/ErrorBoundary/index.js
FNF:0
FNH:0
LF:0
LH:0
BRF:0
BRH:0
end_of_record
TN:
SF:src/components/elements/Footer/Footer.js
FN:5,Footer
FNF:1
FNH:1
FNDA:1,Footer
DA:6,1
LF:1
LH:1
BRF:0
BRH:0
end_of_record
TN:
SF:src/components/elements/Footer/index.js
FNF:0
FNH:0
LF:0
LH:0
BRF:0
BRH:0
end_of_record
TN:
SF:src/components/elements/Header/Header.js
FN:9,Header
FN:20,(anonymous_1)
FN:27,(anonymous_2)
FN:33,(anonymous_3)
FN:33,(anonymous_4)
FN:54,(anonymous_5)
FN:60,(anonymous_6)
FN:70,(anonymous_7)
FNF:8
FNH:8
FNDA:6,Header
FNDA:2,(anonymous_1)
FNDA:6,(anonymous_2)
FNDA:1,(anonymous_3)
FNDA:1,(anonymous_4)
FNDA:1,(anonymous_5)
FNDA:1,(anonymous_6)
FNDA:1,(anonymous_7)
DA:10,6
DA:11,6
DA:12,6
DA:13,6
DA:14,6
DA:15,6
DA:16,6
DA:17,6
DA:18,6
DA:20,6
DA:21,2
DA:22,2
DA:25,6
DA:27,6
DA:28,6
DA:29,1
DA:30,1
DA:31,1
DA:33,6
DA:36,6
DA:54,1
DA:60,1
DA:69,3
DA:73,3
LF:24
LH:24
BRDA:22,0,0,1
BRDA:22,0,1,1
BRDA:28,1,0,1
BRDA:28,1,1,5
BRDA:44,2,0,6
BRDA:44,2,1,1
BRDA:45,3,0,6
BRDA:45,3,1,5
BRDA:46,4,0,6
BRDA:46,4,1,5
BRDA:47,5,0,6
BRDA:47,5,1,5
BRDA:53,6,0,5
BRDA:53,6,1,1
BRDA:59,7,0,1
BRDA:59,7,1,5
BRF:16
BRH:16
end_of_record
TN:
SF:src/components/elements/Header/index.js
FNF:0
FNH:0
LF:0
LH:0
BRF:0
BRH:0
end_of_record
TN:
SF:src/components/elements/Heading/Heading.js
FN:5,Heading
FNF:1
FNH:1
FNDA:1,Heading
DA:6,1
DA:7,1
DA:9,1
DA:12,18
DA:17,18
LF:5
LH:5
BRF:0
BRH:0
end_of_record
TN:
SF:src/components/elements/Heading/index.js
FNF:0
FNH:0
LF:0
LH:0
BRF:0
BRH:0
end_of_record
TN:
SF:src/components/elements/HistoryInboxMenu/HistoryInboxMenu.js
FN:6,HistoryInboxMenu
FN:10,(anonymous_1)
FN:15,(anonymous_2)
FNF:3
FNH:3
FNDA:2,HistoryInboxMenu
FNDA:2,(anonymous_1)
FNDA:2,(anonymous_2)
DA:7,2
DA:8,2
DA:10,2
DA:12,2
DA:16,2
DA:26,3
DA:30,3
LF:7
LH:7
BRDA:10,0,0,1
BRDA:10,0,1,1
BRF:2
BRH:2
end_of_record
TN:
SF:src/components/elements/HistoryInboxMenu/index.js
FNF:0
FNH:0
LF:0
LH:0
BRF:0
BRH:0
end_of_record
TN:
SF:src/components/elements/IconButton/IconButton.js
FN:6,IconButton
FN:19,(anonymous_1)
FNF:2
FNH:2
FNDA:2,IconButton
FNDA:1,(anonymous_1)
DA:7,2
DA:8,2
DA:9,2
DA:11,2
DA:16,64
DA:25,64
LF:6
LH:6
BRDA:11,0,0,1
BRDA:11,0,1,1
BRF:2
BRH:2
end_of_record
TN:
SF:src/components/elements/IconButton/index.js
FNF:0
FNH:0
LF:0
LH:0
BRF:0
BRH:0
end_of_record
TN:
SF:src/components/elements/InputPin/InputPin.js
FN:5,InputPin
FN:15,(anonymous_1)
FN:19,(anonymous_2)
FN:19,(anonymous_3)
FN:30,(anonymous_4)
FN:39,(anonymous_5)
FN:39,(anonymous_6)
FN:46,(anonymous_7)
FN:46,(anonymous_8)
FN:54,(anonymous_9)
FN:72,(anonymous_10)
FNF:11
FNH:11
FNDA:2,InputPin
FNDA:2,(anonymous_1)
FNDA:12,(anonymous_2)
FNDA:3,(anonymous_3)
FNDA:5,(anonymous_4)
FNDA:12,(anonymous_5)
FNDA:2,(anonymous_6)
FNDA:12,(anonymous_7)
FNDA:2,(anonymous_8)
FNDA:12,(anonymous_9)
FNDA:1,(anonymous_10)
DA:6,2
DA:7,2
DA:12,2
DA:13,2
DA:15,2
DA:16,2
DA:19,12
DA:20,3
DA:21,1
DA:23,2
DA:24,2
DA:26,2
DA:27,2
DA:29,2
DA:30,5
DA:31,1
DA:33,1
DA:34,1
DA:35,1
DA:39,12
DA:40,2
DA:41,1
DA:42,1
DA:46,12
DA:47,2
DA:48,1
DA:52,2
DA:55,12
DA:56,12
DA:67,4
DA:75,4
LF:31
LH:31
BRDA:9,0,0,2
BRDA:9,0,1,1
BRDA:20,1,0,1
BRDA:20,1,1,2
BRDA:29,2,0,1
BRDA:29,2,1,1
BRDA:40,3,0,1
BRDA:40,3,1,1
BRDA:47,4,0,1
BRDA:47,4,1,1
BRDA:47,5,0,2
BRDA:47,5,1,1
BRDA:55,6,0,12
BRDA:55,6,1,0
BRDA:62,7,0,2
BRDA:62,7,1,1
BRF:16
BRH:15
end_of_record
TN:
SF:src/components/elements/InputPin/index.js
FNF:0
FNH:0
LF:0
LH:0
BRF:0
BRH:0
end_of_record
TN:
SF:src/components/elements/InputSlider/InputSlider.js
FN:5,InputSlider
FNF:1
FNH:1
FNDA:2,InputSlider
DA:6,2
DA:7,2
DA:8,2
DA:10,2
DA:27,41
DA:35,41
LF:6
LH:6
BRDA:12,0,0,1
BRDA:12,0,1,1
BRF:2
BRH:2
end_of_record
TN:
SF:src/components/elements/InputSlider/index.js
FNF:0
FNH:0
LF:0
LH:0
BRF:0
BRH:0
end_of_record
TN:
SF:src/components/elements/InstallationPackageInfo/InstallationPackageInfo.js
FN:8,InstallationPackageInfo
FN:12,(anonymous_1)
FNF:2
FNH:2
FNDA:3,InstallationPackageInfo
FNDA:18,(anonymous_1)
DA:9,3
DA:10,3
DA:12,3
DA:13,18
DA:14,1
DA:16,17
DA:17,5
DA:19,12
DA:22,3
DA:51,4
DA:57,4
LF:11
LH:11
BRDA:10,0,0,2
BRDA:10,0,1,1
BRDA:10,1,0,3
BRDA:10,1,1,2
BRDA:13,2,0,1
BRDA:13,2,1,17
BRDA:13,3,0,18
BRDA:13,3,1,12
BRDA:13,3,2,6
BRDA:16,4,0,5
BRDA:16,4,1,12
BRDA:16,5,0,17
BRDA:16,5,1,11
BRDA:19,6,0,6
BRDA:19,6,1,6
BRF:15
BRH:15
end_of_record
TN:
SF:src/components/elements/InstallationPackageInfo/index.js
FNF:0
FNH:0
LF:0
LH:0
BRF:0
BRH:0
end_of_record
TN:
SF:src/components/elements/LazyFallback/LazyFallback.js
FN:4,LazyFallback
FNF:1
FNH:1
FNDA:1,LazyFallback
DA:5,1
DA:53,1
LF:2
LH:2
BRF:0
BRH:0
end_of_record
TN:
SF:src/components/elements/LazyFallback/index.js
FNF:0
FNH:0
LF:0
LH:0
BRF:0
BRH:0
end_of_record
TN:
SF:src/components/elements/Modal/Modal.js
FN:6,Modal
FN:10,(anonymous_1)
FN:12,(anonymous_2)
FN:15,(anonymous_3)
FN:21,(anonymous_4)
FN:30,(anonymous_5)
FN:40,(anonymous_6)
FN:51,Content
FNF:8
FNH:8
FNDA:4,Modal
FNDA:4,(anonymous_1)
FNDA:1,(anonymous_2)
FNDA:4,(anonymous_3)
FNDA:4,(anonymous_4)
FNDA:4,(anonymous_5)
FNDA:1,(anonymous_6)
FNDA:1,Content
DA:7,4
DA:8,4
DA:10,4
DA:11,4
DA:12,4
DA:15,4
DA:16,4
DA:19,4
DA:21,4
DA:22,4
DA:23,1
DA:24,1
DA:25,3
DA:26,1
DA:30,4
DA:31,4
DA:34,4
DA:37,40
DA:44,40
DA:52,1
DA:53,1
DA:60,40
DA:65,40
LF:23
LH:23
BRDA:11,0,0,4
BRDA:11,0,1,1
BRDA:16,1,0,1
BRDA:16,1,1,3
BRDA:22,2,0,1
BRDA:22,2,1,3
BRDA:22,3,0,4
BRDA:22,3,1,3
BRDA:25,4,0,1
BRDA:25,4,1,2
BRDA:25,5,0,3
BRDA:25,5,1,1
BRDA:31,6,0,4
BRDA:31,6,1,1
BRF:14
BRH:14
end_of_record
TN:
SF:src/components/elements/Modal/index.js
FNF:0
FNH:0
LF:0
LH:0
BRF:0
BRH:0
end_of_record
TN:
SF:src/components/elements/ModalBillDownload/ModalBillDownload.js
FN:10,ModalBillDownload
FN:13,(anonymous_1)
FN:15,(anonymous_2)
FN:17,(anonymous_3)
FN:21,(anonymous_4)
FN:23,(anonymous_5)
FN:36,(anonymous_6)
FN:39,(anonymous_7)
FN:50,(anonymous_8)
FNF:9
FNH:9
FNDA:4,ModalBillDownload
FNDA:4,(anonymous_1)
FNDA:2,(anonymous_2)
FNDA:1,(anonymous_3)
FNDA:1,(anonymous_4)
FNDA:4,(anonymous_5)
FNDA:4,(anonymous_6)
FNDA:2,(anonymous_7)
FNDA:2,(anonymous_8)
DA:11,4
DA:12,4
DA:13,4
DA:14,4
DA:15,4
DA:16,2
DA:17,1
DA:20,4
DA:21,4
DA:23,4
DA:24,4
DA:25,4
DA:28,4
DA:37,4
DA:39,2
DA:49,3
DA:54,3
LF:17
LH:17
BRDA:16,0,0,1
BRDA:16,0,1,1
BRF:2
BRH:2
end_of_record
TN:
SF:src/components/elements/ModalBillDownload/index.js
FNF:0
FNH:0
LF:0
LH:0
BRF:0
BRH:0
end_of_record
TN:
SF:src/components/elements/ModalConfirmation/ModalConfirmation.js
FN:7,ModalConfirmation
FN:33,(anonymous_1)
FN:34,(anonymous_2)
FN:35,(anonymous_3)
FNF:4
FNH:4
FNDA:2,ModalConfirmation
FNDA:1,(anonymous_1)
FNDA:1,(anonymous_2)
FNDA:1,(anonymous_3)
DA:8,2
DA:9,2
DA:32,8
DA:42,8
LF:4
LH:4
BRDA:13,0,0,1
BRDA:13,0,1,1
BRF:2
BRH:2
end_of_record
TN:
SF:src/components/elements/ModalConfirmation/index.js
FNF:0
FNH:0
LF:0
LH:0
BRF:0
BRH:0
end_of_record
TN:
SF:src/components/elements/ModalLogin/ModalLogin.js
FN:8,ModalLogin
FN:30,(anonymous_1)
FNF:2
FNH:2
FNDA:1,ModalLogin
FNDA:1,(anonymous_1)
DA:9,1
DA:10,1
DA:29,12
DA:34,12
LF:4
LH:4
BRF:0
BRH:0
end_of_record
TN:
SF:src/components/elements/ModalLogin/index.js
FNF:0
FNH:0
LF:0
LH:0
BRF:0
BRH:0
end_of_record
TN:
SF:src/components/elements/ModalMaxReschedule/ModalMaxReschedule.js
FN:7,ModalMaxReschedule
FN:25,(anonymous_1)
FNF:2
FNH:2
FNDA:1,ModalMaxReschedule
FNDA:1,(anonymous_1)
DA:8,1
DA:10,1
DA:24,3
DA:29,3
LF:4
LH:4
BRF:0
BRH:0
end_of_record
TN:
SF:src/components/elements/ModalMaxReschedule/index.js
FNF:0
FNH:0
LF:0
LH:0
BRF:0
BRH:0
end_of_record
TN:
SF:src/components/elements/ModalPricingDetail/ModalPricingDetail.js
FN:8,ModalPricingDetail
FN:35,(anonymous_1)
FN:36,(anonymous_2)
FNF:3
FNH:3
FNDA:1,ModalPricingDetail
FNDA:1,(anonymous_1)
FNDA:1,(anonymous_2)
DA:9,1
DA:10,1
DA:12,1
DA:33,3
DA:40,3
LF:5
LH:5
BRF:0
BRH:0
end_of_record
TN:
SF:src/components/elements/ModalPricingDetail/index.js
FNF:0
FNH:0
LF:0
LH:0
BRF:0
BRH:0
end_of_record
TN:
SF:src/components/elements/ModalReschedule/ModalReschedule.js
FN:16,ModalReschedule
FN:21,(anonymous_1)
FN:45,(anonymous_2)
FN:54,Reschedule
FN:58,(anonymous_4)
FN:61,(anonymous_5)
FN:81,(anonymous_6)
FN:87,Confirm
FN:91,(anonymous_8)
FN:95,(anonymous_9)
FN:99,(anonymous_10)
FNF:11
FNH:11
FNDA:3,ModalReschedule
FNDA:3,(anonymous_1)
FNDA:1,(anonymous_2)
FNDA:2,Reschedule
FNDA:2,(anonymous_4)
FNDA:2,(anonymous_5)
FNDA:1,(anonymous_6)
FNDA:2,Confirm
FNDA:1,(anonymous_8)
FNDA:1,(anonymous_9)
FNDA:2,(anonymous_10)
DA:14,3
DA:17,3
DA:18,3
DA:19,3
DA:21,3
DA:22,3
DA:25,3
DA:26,1
DA:29,2
DA:35,2
DA:44,3
DA:49,3
DA:55,2
DA:56,2
DA:57,2
DA:58,2
DA:59,2
DA:61,2
DA:62,2
DA:65,2
DA:81,1
DA:88,2
DA:89,2
DA:90,2
DA:91,2
DA:92,2
DA:93,2
DA:95,2
DA:96,1
DA:99,2
DA:100,2
DA:103,2
LF:32
LH:32
BRDA:22,0,0,3
BRDA:22,0,1,1
BRDA:25,1,0,1
BRDA:25,1,1,2
BRDA:38,2,0,1
BRDA:38,2,1,1
BRDA:112,3,0,2
BRDA:112,3,1,1
BRDA:116,4,0,1
BRDA:116,4,1,1
BRF:10
BRH:10
end_of_record
TN:
SF:src/components/elements/ModalReschedule/index.js
FNF:0
FNH:0
LF:0
LH:0
BRF:0
BRH:0
end_of_record
TN:
SF:src/components/elements/ModalRescheduleRequired/ModalRescheduleRequired.js
FN:8,ModalRescheduleRequired
FN:13,(anonymous_1)
FN:14,(anonymous_2)
FN:26,(anonymous_3)
FN:29,(anonymous_4)
FN:33,(anonymous_5)
FN:36,(anonymous_6)
FN:41,Confirmation
FN:62,(anonymous_8)
FNF:9
FNH:0
FNDA:0,ModalRescheduleRequired
FNDA:0,(anonymous_1)
FNDA:0,(anonymous_2)
FNDA:0,(anonymous_3)
FNDA:0,(anonymous_4)
FNDA:0,(anonymous_5)
FNDA:0,(anonymous_6)
FNDA:0,Confirmation
FNDA:0,(anonymous_8)
DA:9,0
DA:11,0
DA:13,0
DA:14,0
DA:26,0
DA:29,0
DA:33,0
DA:36,0
DA:42,0
DA:61,0
DA:66,0
LF:11
LH:0
BRF:0
BRH:0
end_of_record
TN:
SF:src/components/elements/ModalRescheduleRequired/index.js
FNF:0
FNH:0
LF:0
LH:0
BRF:0
BRH:0
end_of_record
TN:
SF:src/components/elements/ModalTechRating/ModalTechRating.js
FN:11,ModalTechRating
FN:19,(anonymous_1)
FN:20,(anonymous_2)
FN:42,(anonymous_3)
FN:45,(anonymous_4)
FN:49,(anonymous_5)
FN:65,(anonymous_6)
FN:80,(anonymous_7)
FN:81,(anonymous_8)
FN:105,(anonymous_9)
FNF:10
FNH:0
FNDA:0,ModalTechRating
FNDA:0,(anonymous_1)
FNDA:0,(anonymous_2)
FNDA:0,(anonymous_3)
FNDA:0,(anonymous_4)
FNDA:0,(anonymous_5)
FNDA:0,(anonymous_6)
FNDA:0,(anonymous_7)
FNDA:0,(anonymous_8)
FNDA:0,(anonymous_9)
DA:13,0
DA:14,0
DA:15,0
DA:16,0
DA:17,0
DA:19,0
DA:20,0
DA:21,0
DA:39,0
DA:42,0
DA:43,0
DA:44,0
DA:45,0
DA:46,0
DA:49,0
DA:50,0
DA:51,0
DA:52,0
DA:65,0
DA:66,0
DA:67,0
DA:68,0
DA:69,0
DA:71,0
DA:81,0
DA:101,2
DA:112,2
LF:27
LH:2
BRDA:31,0,0,0
BRDA:31,0,1,0
BRDA:45,1,0,0
BRDA:45,1,1,0
BRDA:53,2,0,0
BRDA:53,2,1,0
BRDA:68,3,0,0
BRDA:68,3,1,0
BRDA:81,4,0,0
BRDA:81,4,1,0
BRDA:85,5,0,0
BRDA:85,5,1,0
BRDA:85,6,0,0
BRDA:85,6,1,0
BRDA:91,7,0,0
BRDA:91,7,1,0
BRDA:91,7,2,0
BRDA:95,8,0,0
BRDA:95,8,1,0
BRF:19
BRH:0
end_of_record
TN:
SF:src/components/elements/ModalTechRating/index.js
FNF:0
FNH:0
LF:0
LH:0
BRF:0
BRH:0
end_of_record
TN:
SF:src/components/elements/NotificationCards/NotificationCards.js
FN:6,NotificationCards
FN:26,(anonymous_1)
FNF:2
FNH:2
FNDA:3,NotificationCards
FNDA:2,(anonymous_1)
DA:7,3
DA:8,3
DA:10,3
DA:12,3
DA:17,3
DA:22,3
DA:23,1
DA:26,2
DA:27,2
DA:28,1
DA:31,1
DA:43,2
DA:50,3
DA:55,3
LF:14
LH:14
BRDA:22,0,0,1
BRDA:22,0,1,2
BRDA:27,1,0,1
BRDA:27,1,1,1
BRF:4
BRH:4
end_of_record
TN:
SF:src/components/elements/NotificationCards/index.js
FNF:0
FNH:0
LF:0
LH:0
BRF:0
BRH:0
end_of_record
TN:
SF:src/components/elements/NpsPositiveResponse/NpsPositiveResponse.js
FN:8,NpsPositiveResponse
FNF:1
FNH:0
FNDA:0,NpsPositiveResponse
DA:9,0
DA:11,0
LF:2
LH:0
BRF:0
BRH:0
end_of_record
TN:
SF:src/components/elements/NpsPositiveResponse/index.js
FNF:0
FNH:0
LF:0
LH:0
BRF:0
BRH:0
end_of_record
TN:
SF:src/components/elements/NpsRating/NpsRating.js
FN:9,NpsRating
FN:13,(anonymous_1)
FN:22,(anonymous_2)
FN:32,(anonymous_3)
FNF:4
FNH:0
FNDA:0,NpsRating
FNDA:0,(anonymous_1)
FNDA:0,(anonymous_2)
FNDA:0,(anonymous_3)
DA:10,0
DA:12,0
DA:13,0
DA:15,0
DA:22,0
DA:32,0
LF:6
LH:0
BRF:0
BRH:0
end_of_record
TN:
SF:src/components/elements/NpsRating/index.js
FNF:0
FNH:0
LF:0
LH:0
BRF:0
BRH:0
end_of_record
TN:
SF:src/components/elements/NpsReason/NpsReason.js
FN:10,NpsReason
FN:14,(anonymous_1)
FN:19,(anonymous_2)
FN:20,(anonymous_3)
FN:25,(anonymous_4)
FN:28,(anonymous_5)
FN:33,(anonymous_6)
FN:57,(anonymous_7)
FNF:8
FNH:0
FNDA:0,NpsReason
FNDA:0,(anonymous_1)
FNDA:0,(anonymous_2)
FNDA:0,(anonymous_3)
FNDA:0,(anonymous_4)
FNDA:0,(anonymous_5)
FNDA:0,(anonymous_6)
FNDA:0,(anonymous_7)
DA:11,0
DA:12,0
DA:14,0
DA:15,0
DA:17,0
DA:19,0
DA:20,0
DA:21,0
DA:22,0
DA:25,0
DA:26,0
DA:27,0
DA:28,0
DA:30,0
DA:33,0
DA:34,0
DA:35,0
DA:37,0
DA:50,0
DA:57,0
LF:20
LH:0
BRDA:17,0,0,0
BRDA:17,0,1,0
BRDA:21,1,0,0
BRDA:21,1,1,0
BRDA:28,2,0,0
BRDA:28,2,1,0
BRDA:38,3,0,0
BRDA:38,3,1,0
BRDA:63,4,0,0
BRDA:63,4,1,0
BRDA:63,4,2,0
BRDA:67,5,0,0
BRDA:67,5,1,0
BRF:13
BRH:0
end_of_record
TN:
SF:src/components/elements/NpsReason/index.js
FNF:0
FNH:0
LF:0
LH:0
BRF:0
BRH:0
end_of_record
TN:
SF:src/components/elements/OtpInput/OtpInput.js
FN:5,OtpInput
FN:15,(anonymous_1)
FN:15,(anonymous_2)
FN:26,(anonymous_3)
FN:33,(anonymous_4)
FN:33,(anonymous_5)
FN:40,(anonymous_6)
FN:40,(anonymous_7)
FN:48,(anonymous_8)
FN:61,(anonymous_9)
FNF:10
FNH:10
FNDA:2,OtpInput
FNDA:8,(anonymous_1)
FNDA:3,(anonymous_2)
FNDA:3,(anonymous_3)
FNDA:8,(anonymous_4)
FNDA:2,(anonymous_5)
FNDA:8,(anonymous_6)
FNDA:2,(anonymous_7)
FNDA:8,(anonymous_8)
FNDA:1,(anonymous_9)
DA:6,2
DA:7,2
DA:12,2
DA:13,2
DA:15,8
DA:16,3
DA:17,1
DA:19,2
DA:20,2
DA:22,2
DA:23,2
DA:25,2
DA:26,3
DA:27,1
DA:29,1
DA:33,8
DA:34,2
DA:35,1
DA:36,1
DA:40,8
DA:41,2
DA:42,1
DA:46,2
DA:49,8
DA:57,8
DA:64,8
LF:26
LH:26
BRDA:9,0,0,2
BRDA:9,0,1,1
BRDA:16,1,0,1
BRDA:16,1,1,2
BRDA:25,2,0,1
BRDA:25,2,1,1
BRDA:34,3,0,1
BRDA:34,3,1,1
BRDA:41,4,0,1
BRDA:41,4,1,1
BRDA:41,5,0,2
BRDA:41,5,1,1
BRDA:52,6,0,2
BRDA:52,6,1,1
BRF:14
BRH:14
end_of_record
TN:
SF:src/components/elements/OtpInput/index.js
FNF:0
FNH:0
LF:0
LH:0
BRF:0
BRH:0
end_of_record
TN:
SF:src/components/elements/OtpRequest/OtpRequest.js
FN:7,OtpRequest
FN:15,(anonymous_1)
FN:33,(anonymous_2)
FNF:3
FNH:3
FNDA:2,OtpRequest
FNDA:4,(anonymous_1)
FNDA:4,(anonymous_2)
DA:8,2
DA:9,2
DA:13,2
DA:16,4
DA:29,7
DA:37,7
LF:6
LH:6
BRDA:19,0,0,1
BRDA:19,0,1,3
BRDA:19,1,0,4
BRDA:19,1,1,2
BRDA:24,2,0,2
BRDA:24,2,1,1
BRF:6
BRH:6
end_of_record
TN:
SF:src/components/elements/OtpRequest/index.js
FNF:0
FNH:0
LF:0
LH:0
BRF:0
BRH:0
end_of_record
TN:
SF:src/components/elements/Package/Package.js
FN:7,Package
FN:43,dealLabel
FN:53,specialStyle
FNF:3
FNH:0
FNDA:0,Package
FNDA:0,dealLabel
FNDA:0,specialStyle
DA:8,0
DA:9,0
DA:19,0
DA:21,0
DA:44,0
DA:45,0
DA:47,0
DA:48,0
DA:50,0
DA:54,0
DA:57,1
DA:64,1
LF:12
LH:2
BRDA:34,0,0,0
BRDA:34,0,1,0
BRDA:36,1,0,0
BRDA:36,1,1,0
BRDA:44,2,0,0
BRDA:44,2,1,0
BRDA:44,3,0,0
BRDA:44,3,1,0
BRDA:47,4,0,0
BRDA:47,4,1,0
BRDA:54,5,0,0
BRDA:54,5,1,0
BRDA:54,6,0,0
BRDA:54,6,1,0
BRF:14
BRH:0
end_of_record
TN:
SF:src/components/elements/Package/index.js
FNF:0
FNH:0
LF:0
LH:0
BRF:0
BRH:0
end_of_record
TN:
SF:src/components/elements/PackageFinderLink/PackageFinderLink.js
FN:6,PackageFinderLink
FNF:1
FNH:1
FNDA:1,PackageFinderLink
DA:7,1
DA:8,1
DA:9,1
DA:20,4
DA:24,4
LF:5
LH:5
BRF:0
BRH:0
end_of_record
TN:
SF:src/components/elements/PackageFinderLink/index.js
FNF:0
FNH:0
LF:0
LH:0
BRF:0
BRH:0
end_of_record
TN:
SF:src/components/elements/PdfViewer/PdfViewer.js
FN:8,PdfViewer
FN:13,(anonymous_1)
FN:14,(anonymous_2)
FN:27,(anonymous_3)
FNF:4
FNH:4
FNDA:3,PdfViewer
FNDA:3,(anonymous_1)
FNDA:3,(anonymous_2)
FNDA:2,(anonymous_3)
DA:9,3
DA:10,3
DA:11,3
DA:13,3
DA:14,3
DA:15,3
DA:16,1
DA:19,2
DA:21,2
DA:22,2
DA:24,2
DA:25,2
DA:27,2
DA:28,2
DA:30,2
DA:31,2
DA:32,2
DA:34,2
DA:35,2
DA:36,2
DA:38,2
DA:39,2
DA:40,2
DA:42,2
DA:43,2
DA:45,2
DA:47,2
DA:51,3
DA:54,3
DA:59,3
LF:30
LH:30
BRDA:15,0,0,1
BRDA:15,0,1,2
BRDA:35,1,0,2
BRDA:35,1,1,2
BRF:4
BRH:4
end_of_record
TN:
SF:src/components/elements/PdfViewer/index.js
FNF:0
FNH:0
LF:0
LH:0
BRF:0
BRH:0
end_of_record
TN:
SF:src/components/elements/PopularPackage/PopularPackage.js
FN:9,PopularPackage
FN:25,Headers
FN:30,(anonymous_2)
FN:40,Articles
FN:70,dealLabel
FN:80,specialStyle
FNF:6
FNH:0
FNDA:0,PopularPackage
FNDA:0,Headers
FNDA:0,(anonymous_2)
FNDA:0,Articles
FNDA:0,dealLabel
FNDA:0,specialStyle
DA:7,1
DA:10,0
DA:11,0
DA:13,0
DA:15,0
DA:26,0
DA:28,0
DA:31,0
DA:41,0
DA:51,0
DA:53,0
DA:71,0
DA:72,0
DA:74,0
DA:75,0
DA:77,0
DA:81,0
DA:84,1
DA:89,1
LF:19
LH:3
BRDA:58,0,0,0
BRDA:58,0,1,0
BRDA:60,1,0,0
BRDA:60,1,1,0
BRDA:71,2,0,0
BRDA:71,2,1,0
BRDA:71,3,0,0
BRDA:71,3,1,0
BRDA:74,4,0,0
BRDA:74,4,1,0
BRDA:81,5,0,0
BRDA:81,5,1,0
BRDA:81,6,0,0
BRDA:81,6,1,0
BRF:14
BRH:0
end_of_record
TN:
SF:src/components/elements/PopularPackage/index.js
FNF:0
FNH:0
LF:0
LH:0
BRF:0
BRH:0
end_of_record
TN:
SF:src/components/elements/ShopCategoryMenu/ShopCategoryMenu.js
FN:6,ShopCategoryMenu
FN:10,(anonymous_1)
FN:30,(anonymous_2)
FNF:3
FNH:3
FNDA:2,ShopCategoryMenu
FNDA:4,(anonymous_1)
FNDA:4,(anonymous_2)
DA:7,2
DA:8,2
DA:10,2
DA:11,4
DA:12,1
DA:14,3
DA:17,2
DA:31,4
DA:39,4
DA:45,4
LF:10
LH:10
BRDA:11,0,0,1
BRDA:11,0,1,3
BRDA:11,1,0,4
BRDA:11,1,1,2
BRDA:14,2,0,1
BRDA:14,2,1,2
BRDA:30,3,0,2
BRDA:30,3,1,2
BRF:8
BRH:8
end_of_record
TN:
SF:src/components/elements/ShopCategoryMenu/index.js
FNF:0
FNH:0
LF:0
LH:0
BRF:0
BRH:0
end_of_record
TN:
SF:src/components/elements/Spinner/Spinner.js
FN:5,Spinner
FN:13,(anonymous_1)
FNF:2
FNH:2
FNDA:1,Spinner
FNDA:4,(anonymous_1)
DA:6,1
DA:7,1
DA:8,1
DA:9,1
DA:11,1
DA:14,4
DA:20,70
DA:26,70
LF:8
LH:8
BRF:0
BRH:0
end_of_record
TN:
SF:src/components/elements/Spinner/index.js
FNF:0
FNH:0
LF:0
LH:0
BRF:0
BRH:0
end_of_record
TN:
SF:src/components/elements/StepProgressBar/StepProgressBar.js
FN:5,StepProgressBar
FN:13,(anonymous_1)
FNF:2
FNH:2
FNDA:3,StepProgressBar
FNDA:13,(anonymous_1)
DA:6,3
DA:7,3
DA:9,3
DA:14,13
DA:23,3
DA:29,3
LF:6
LH:6
BRDA:15,0,0,8
BRDA:15,0,1,5
BRF:2
BRH:2
end_of_record
TN:
SF:src/components/elements/StepProgressBar/index.js
FNF:0
FNH:0
LF:0
LH:0
BRF:0
BRH:0
end_of_record
TN:
SF:src/components/elements/StickyPrice/StickyPrice.js
FN:10,StickyPrice
FN:15,(anonymous_1)
FN:16,(anonymous_2)
FN:22,(anonymous_3)
FNF:4
FNH:4
FNDA:3,StickyPrice
FNDA:3,(anonymous_1)
FNDA:3,(anonymous_2)
FNDA:1,(anonymous_3)
DA:11,3
DA:12,3
DA:13,3
DA:15,3
DA:16,3
DA:17,3
DA:18,3
DA:20,3
DA:22,3
DA:23,1
DA:27,3
DA:41,7
DA:50,7
LF:13
LH:13
BRDA:18,0,0,1
BRDA:18,0,1,2
BRDA:35,1,0,1
BRDA:35,1,1,2
BRF:4
BRH:4
end_of_record
TN:
SF:src/components/elements/StickyPrice/index.js
FNF:0
FNH:0
LF:0
LH:0
BRF:0
BRH:0
end_of_record
TN:
SF:src/components/elements/Switch/Switch.js
FN:5,Switch
FNF:1
FNH:1
FNDA:1,Switch
DA:6,1
DA:7,1
DA:8,1
DA:19,5
DA:25,5
LF:5
LH:5
BRF:0
BRH:0
end_of_record
TN:
SF:src/components/elements/Switch/index.js
FNF:0
FNH:0
LF:0
LH:0
BRF:0
BRH:0
end_of_record
TN:
SF:src/components/elements/Tabs/Tabs.js
FN:5,Tabs
FN:10,(anonymous_1)
FN:14,(anonymous_2)
FN:25,(anonymous_3)
FNF:4
FNH:4
FNDA:2,Tabs
FNDA:3,(anonymous_1)
FNDA:1,(anonymous_2)
FNDA:1,(anonymous_3)
DA:6,2
DA:7,2
DA:8,2
DA:11,3
DA:14,1
DA:22,3
DA:29,3
LF:7
LH:7
BRDA:12,0,0,2
BRDA:12,0,1,1
BRF:2
BRH:2
end_of_record
TN:
SF:src/components/elements/Tabs/index.js
FNF:0
FNH:0
LF:0
LH:0
BRF:0
BRH:0
end_of_record
TN:
SF:src/components/elements/Timer/Timer.js
FN:5,Timer
FNF:1
FNH:1
FNDA:1,Timer
DA:6,1
DA:7,1
DA:8,1
DA:15,5
DA:20,5
LF:5
LH:5
BRF:0
BRH:0
end_of_record
TN:
SF:src/components/elements/Timer/index.js
FNF:0
FNH:0
LF:0
LH:0
BRF:0
BRH:0
end_of_record
TN:
SF:src/components/elements/Toolbar/Toolbar.js
FN:12,Toolbar
FN:21,(anonymous_1)
FN:22,(anonymous_2)
FN:49,(anonymous_3)
FN:58,(anonymous_4)
FN:65,Item
FN:73,(anonymous_6)
FN:87,(anonymous_7)
FNF:8
FNH:8
FNDA:5,Toolbar
FNDA:5,(anonymous_1)
FNDA:5,(anonymous_2)
FNDA:25,(anonymous_3)
FNDA:1,(anonymous_4)
FNDA:4,Item
FNDA:1,(anonymous_6)
FNDA:1,(anonymous_7)
DA:13,5
DA:14,5
DA:15,5
DA:16,5
DA:17,5
DA:18,5
DA:19,5
DA:21,5
DA:22,5
DA:23,5
DA:24,1
DA:25,4
DA:26,1
DA:27,3
DA:28,1
DA:30,2
DA:35,5
DA:42,5
DA:47,5
DA:50,25
DA:57,3
DA:61,3
DA:66,4
DA:68,4
DA:69,1
DA:72,3
DA:73,3
DA:75,3
DA:83,3
DA:91,3
LF:30
LH:30
BRDA:19,0,0,4
BRDA:19,0,1,1
BRDA:23,1,0,1
BRDA:23,1,1,4
BRDA:25,2,0,1
BRDA:25,2,1,3
BRDA:27,3,0,1
BRDA:27,3,1,2
BRDA:42,4,0,4
BRDA:42,4,1,1
BRDA:68,5,0,1
BRDA:68,5,1,3
BRDA:68,6,0,4
BRDA:68,6,1,1
BRDA:72,7,0,1
BRDA:72,7,1,2
BRDA:73,8,0,1
BRDA:73,8,1,2
BRDA:73,9,0,3
BRDA:73,9,1,1
BRDA:77,10,0,1
BRDA:77,10,1,2
BRF:22
BRH:22
end_of_record
TN:
SF:src/components/elements/Toolbar/index.js
FNF:0
FNH:0
LF:0
LH:0
BRF:0
BRH:0
end_of_record
TN:
SF:src/components/elements/Webp/Webp.js
FN:4,Webp
FNF:1
FNH:1
FNDA:1,Webp
DA:5,1
DA:7,1
DA:16,3
DA:23,3
LF:4
LH:4
BRF:0
BRH:0
end_of_record
TN:
SF:src/components/elements/Webp/index.js
FNF:0
FNH:0
LF:0
LH:0
BRF:0
BRH:0
end_of_record
TN:
SF:src/components/fields/Autocomplete/Autocomplete.js
FN:5,Autocomplete
FN:20,(anonymous_1)
FN:20,(anonymous_2)
FN:26,(anonymous_3)
FN:30,(anonymous_4)
FN:37,(anonymous_5)
FN:43,(anonymous_6)
FN:47,(anonymous_7)
FN:51,(anonymous_8)
FN:56,(anonymous_9)
FN:70,(anonymous_10)
FN:84,(anonymous_11)
FN:87,(anonymous_12)
FN:103,ItemText
FNF:14
FNH:14
FNDA:4,Autocomplete
FNDA:2,(anonymous_1)
FNDA:1,(anonymous_2)
FNDA:2,(anonymous_3)
FNDA:1,(anonymous_4)
FNDA:1,(anonymous_5)
FNDA:4,(anonymous_6)
FNDA:4,(anonymous_7)
FNDA:4,(anonymous_8)
FNDA:1,(anonymous_9)
FNDA:2,(anonymous_10)
FNDA:3,(anonymous_11)
FNDA:1,(anonymous_12)
FNDA:2,ItemText
DA:6,4
DA:7,4
DA:8,4
DA:9,4
DA:10,4
DA:11,4
DA:12,4
DA:13,4
DA:14,4
DA:20,4
DA:21,1
DA:22,1
DA:23,1
DA:26,4
DA:27,2
DA:30,4
DA:31,1
DA:32,1
DA:33,1
DA:34,1
DA:37,4
DA:38,1
DA:41,4
DA:43,4
DA:44,4
DA:47,4
DA:48,4
DA:51,4
DA:52,4
DA:53,3
DA:55,1
DA:56,1
DA:57,1
DA:59,1
DA:63,4
DA:71,2
DA:82,4
DA:91,4
DA:104,2
DA:105,2
DA:106,2
DA:107,1
DA:109,1
DA:118,4
DA:123,4
LF:45
LH:45
BRDA:13,0,0,4
BRDA:13,0,1,1
BRDA:16,1,0,4
BRDA:16,1,1,1
BRDA:27,2,0,2
BRDA:27,2,1,1
BRDA:44,3,0,4
BRDA:44,3,1,2
BRDA:52,4,0,3
BRDA:52,4,1,1
BRDA:77,5,0,4
BRDA:77,5,1,1
BRDA:106,6,0,1
BRDA:106,6,1,1
BRF:14
BRH:14
end_of_record
TN:
SF:src/components/fields/Autocomplete/index.js
FNF:0
FNH:0
LF:0
LH:0
BRF:0
BRH:0
end_of_record
TN:
SF:src/components/fields/Checkbox/Checkbox.js
FN:5,CheckBox
FNF:1
FNH:1
FNDA:3,CheckBox
DA:6,3
DA:7,3
DA:8,3
DA:14,3
DA:25,3
DA:32,3
LF:6
LH:6
BRDA:10,0,0,3
BRDA:10,0,1,1
BRDA:10,0,2,1
BRDA:10,0,3,1
BRDA:20,1,0,3
BRDA:20,1,1,1
BRDA:20,1,2,1
BRDA:20,1,3,1
BRF:8
BRH:8
end_of_record
TN:
SF:src/components/fields/Checkbox/index.js
FNF:0
FNH:0
LF:0
LH:0
BRF:0
BRH:0
end_of_record
TN:
SF:src/components/fields/Image/Image.js
FN:5,Image
FN:13,(anonymous_1)
FN:16,(anonymous_2)
FNF:3
FNH:3
FNDA:2,Image
FNDA:1,(anonymous_1)
FNDA:1,(anonymous_2)
DA:6,2
DA:7,2
DA:8,2
DA:13,2
DA:14,1
DA:15,1
DA:16,1
DA:17,1
DA:18,1
DA:20,1
DA:23,2
DA:31,4
DA:37,4
LF:13
LH:13
BRDA:24,0,0,1
BRDA:24,0,1,1
BRF:2
BRH:2
end_of_record
TN:
SF:src/components/fields/Image/index.js
FNF:0
FNH:0
LF:0
LH:0
BRF:0
BRH:0
end_of_record
TN:
SF:src/components/fields/Password/Password.js
FN:5,Password
FN:18,(anonymous_1)
FN:22,(anonymous_2)
FN:33,(anonymous_3)
FNF:4
FNH:4
FNDA:4,Password
FNDA:1,(anonymous_1)
FNDA:1,(anonymous_2)
FNDA:1,(anonymous_3)
DA:6,4
DA:7,4
DA:8,4
DA:9,4
DA:10,4
DA:17,4
DA:19,1
DA:20,1
DA:23,1
DA:24,1
DA:28,4
DA:33,1
DA:42,22
DA:49,22
LF:14
LH:14
BRDA:12,0,0,4
BRDA:12,0,1,1
BRDA:12,0,2,1
BRDA:12,0,3,1
BRDA:13,1,0,4
BRDA:13,1,1,2
BRDA:32,2,0,1
BRDA:32,2,1,3
BRDA:34,3,0,1
BRDA:34,3,1,3
BRDA:37,4,0,4
BRDA:37,4,1,1
BRDA:37,4,2,1
BRDA:37,4,3,1
BRF:14
BRH:14
end_of_record
TN:
SF:src/components/fields/Password/index.js
FNF:0
FNH:0
LF:0
LH:0
BRF:0
BRH:0
end_of_record
TN:
SF:src/components/fields/Radio/Radio.js
FN:5,Radio
FNF:1
FNH:1
FNDA:2,Radio
DA:6,2
DA:7,2
DA:9,2
DA:17,4
DA:23,4
LF:5
LH:5
BRDA:10,0,0,1
BRDA:10,0,1,1
BRF:2
BRH:2
end_of_record
TN:
SF:src/components/fields/Radio/index.js
FNF:0
FNH:0
LF:0
LH:0
BRF:0
BRH:0
end_of_record
TN:
SF:src/components/fields/Select/Select.js
FN:5,Select
FN:20,(anonymous_1)
FNF:2
FNH:2
FNDA:2,Select
FNDA:1,(anonymous_1)
DA:6,2
DA:7,2
DA:8,2
DA:15,2
DA:21,1
DA:29,6
DA:37,6
LF:7
LH:7
BRDA:10,0,0,2
BRDA:10,0,1,2
BRDA:11,1,0,2
BRDA:11,1,1,1
BRDA:11,1,2,1
BRDA:11,1,3,1
BRDA:24,2,0,2
BRDA:24,2,1,1
BRDA:24,2,2,1
BRDA:24,2,3,1
BRF:10
BRH:10
end_of_record
TN:
SF:src/components/fields/Select/index.js
FNF:0
FNH:0
LF:0
LH:0
BRF:0
BRH:0
end_of_record
TN:
SF:src/components/fields/Text/Text.js
FN:5,Text
FNF:1
FNH:1
FNDA:3,Text
DA:6,3
DA:7,3
DA:8,3
DA:14,3
DA:23,55
DA:30,55
LF:6
LH:6
BRDA:10,0,0,3
BRDA:10,0,1,1
BRDA:10,0,2,1
BRDA:10,0,3,1
BRDA:18,1,0,3
BRDA:18,1,1,1
BRDA:18,1,2,1
BRDA:18,1,3,1
BRF:8
BRH:8
end_of_record
TN:
SF:src/components/fields/Text/index.js
FNF:0
FNH:0
LF:0
LH:0
BRF:0
BRH:0
end_of_record
TN:
SF:src/components/fields/TextArea/TextArea.js
FN:5,TextArea
FNF:1
FNH:1
FNDA:3,TextArea
DA:6,3
DA:7,3
DA:8,3
DA:14,3
DA:23,8
DA:30,8
LF:6
LH:6
BRDA:10,0,0,3
BRDA:10,0,1,1
BRDA:10,0,2,1
BRDA:10,0,3,1
BRDA:18,1,0,3
BRDA:18,1,1,1
BRDA:18,1,2,1
BRDA:18,1,3,1
BRF:8
BRH:8
end_of_record
TN:
SF:src/components/fields/TextArea/index.js
FNF:0
FNH:0
LF:0
LH:0
BRF:0
BRH:0
end_of_record
TN:
SF:src/components/forms/CheckCoverageAddress/CheckCoverageAddress.js
FN:11,CheckCoverageAddress
FN:14,(anonymous_1)
FN:15,(anonymous_2)
FN:24,(anonymous_3)
FN:29,(anonymous_4)
FN:31,(anonymous_5)
FN:32,(anonymous_6)
FN:33,(anonymous_7)
FN:34,(anonymous_8)
FN:39,(anonymous_9)
FN:49,(anonymous_10)
FN:57,(anonymous_11)
FN:60,(anonymous_12)
FN:66,(anonymous_13)
FN:67,(anonymous_14)
FN:106,(anonymous_15)
FN:108,(anonymous_16)
FN:109,(anonymous_17)
FN:111,(anonymous_18)
FN:127,(anonymous_19)
FN:128,(anonymous_20)
FN:139,normalizeRtRw
FN:154,useMappedAddress
FN:156,(anonymous_23)
FN:157,(anonymous_24)
FN:159,(anonymous_25)
FNF:26
FNH:26
FNDA:3,CheckCoverageAddress
FNDA:1,(anonymous_1)
FNDA:2,(anonymous_2)
FNDA:3,(anonymous_3)
FNDA:4,(anonymous_4)
FNDA:1,(anonymous_5)
FNDA:1,(anonymous_6)
FNDA:1,(anonymous_7)
FNDA:1,(anonymous_8)
FNDA:3,(anonymous_9)
FNDA:3,(anonymous_10)
FNDA:3,(anonymous_11)
FNDA:1,(anonymous_12)
FNDA:12,(anonymous_13)
FNDA:9,(anonymous_14)
FNDA:1,(anonymous_15)
FNDA:1,(anonymous_16)
FNDA:1,(anonymous_17)
FNDA:1,(anonymous_18)
FNDA:23,(anonymous_19)
FNDA:1,(anonymous_20)
FNDA:5,normalizeRtRw
FNDA:13,useMappedAddress
FNDA:13,(anonymous_23)
FNDA:2,(anonymous_24)
FNDA:19,(anonymous_25)
DA:12,3
DA:13,3
DA:14,3
DA:15,3
DA:16,3
DA:17,3
DA:19,3
DA:20,3
DA:21,3
DA:22,3
DA:24,3
DA:25,3
DA:26,3
DA:29,3
DA:30,4
DA:31,1
DA:32,1
DA:33,1
DA:34,1
DA:36,4
DA:39,3
DA:40,3
DA:41,3
DA:42,3
DA:43,3
DA:44,3
DA:45,3
DA:46,3
DA:49,3
DA:50,3
DA:51,3
DA:52,3
DA:53,3
DA:54,3
DA:57,3
DA:58,3
DA:59,1
DA:60,1
DA:62,3
DA:63,3
DA:66,12
DA:67,9
DA:69,3
DA:104,3
DA:106,1
DA:108,1
DA:109,1
DA:111,1
DA:125,3
DA:132,3
DA:140,5
DA:141,5
DA:142,1
DA:143,4
DA:144,1
DA:145,3
DA:146,1
DA:147,2
DA:148,1
DA:150,1
DA:155,13
DA:156,13
DA:157,13
DA:159,19
LF:64
LH:64
BRDA:40,0,0,3
BRDA:40,0,1,1
BRDA:50,1,0,3
BRDA:50,1,1,1
BRDA:58,2,0,1
BRDA:58,2,1,2
BRDA:66,3,0,1
BRDA:66,3,1,11
BRDA:117,4,0,3
BRDA:117,4,1,1
BRDA:117,4,2,1
BRDA:118,5,0,3
BRDA:118,5,1,3
BRDA:119,6,0,1
BRDA:119,6,1,2
BRDA:141,7,0,1
BRDA:141,7,1,4
BRDA:143,8,0,1
BRDA:143,8,1,3
BRDA:143,9,0,4
BRDA:143,9,1,4
BRDA:145,10,0,1
BRDA:145,10,1,2
BRDA:145,11,0,3
BRDA:145,11,1,2
BRDA:147,12,0,1
BRDA:147,12,1,1
BRF:27
BRH:27
end_of_record
TN:
SF:src/components/forms/CheckCoverageAddress/index.js
FNF:0
FNH:0
LF:0
LH:0
BRF:0
BRH:0
end_of_record
TN:
SF:src/components/forms/CheckCoverageAddress/validate.js
FN:1,validate
FNF:1
FNH:1
FNDA:2,validate
DA:9,2
DA:10,2
LF:2
LH:2
BRDA:11,0,0,1
BRDA:11,0,1,1
BRDA:12,1,0,1
BRDA:12,1,1,1
BRDA:13,2,0,1
BRDA:13,2,1,1
BRDA:14,3,0,1
BRDA:14,3,1,1
BRDA:15,4,0,1
BRDA:15,4,1,1
BRDA:16,5,0,1
BRDA:16,5,1,1
BRF:12
BRH:12
end_of_record
TN:
SF:src/components/forms/CompleteProfileVerifyEmail/CompleteProfileVerifyEmail.js
FN:11,CompleteProfileVerifyEmail
FN:17,(anonymous_1)
FN:19,(anonymous_2)
FN:49,(anonymous_3)
FNF:4
FNH:4
FNDA:3,CompleteProfileVerifyEmail
FNDA:2,(anonymous_1)
FNDA:1,(anonymous_2)
FNDA:2,(anonymous_3)
DA:12,3
DA:13,3
DA:14,3
DA:15,3
DA:16,3
DA:17,3
DA:19,3
DA:20,1
DA:23,3
DA:28,3
DA:48,3
DA:54,3
LF:12
LH:12
BRDA:31,0,0,3
BRDA:31,0,1,1
BRDA:32,1,0,2
BRDA:32,1,1,1
BRDA:41,2,0,3
BRDA:41,2,1,3
BRDA:42,3,0,1
BRDA:42,3,1,2
BRF:8
BRH:8
end_of_record
TN:
SF:src/components/forms/CompleteProfileVerifyEmail/index.js
FNF:0
FNH:0
LF:0
LH:0
BRF:0
BRH:0
end_of_record
TN:
SF:src/components/forms/CompleteProfileVerifyEmail/validate.js
FN:1,validate
FNF:1
FNH:1
FNDA:2,validate
DA:4,2
DA:5,2
LF:2
LH:2
BRDA:6,0,0,1
BRDA:6,0,1,1
BRF:2
BRH:2
end_of_record
TN:
SF:src/components/forms/CompleteProfileVerifyID/CompleteProfileVerifyID.js
FN:10,CompleteProfileVerifyID
FN:12,(anonymous_1)
FN:30,(anonymous_2)
FNF:3
FNH:3
FNDA:2,CompleteProfileVerifyID
FNDA:1,(anonymous_1)
FNDA:1,(anonymous_2)
DA:11,2
DA:12,2
DA:14,2
DA:18,2
DA:29,3
DA:35,3
LF:6
LH:6
BRDA:21,0,0,2
BRDA:21,0,1,1
BRDA:23,1,0,1
BRDA:23,1,1,1
BRF:4
BRH:4
end_of_record
TN:
SF:src/components/forms/CompleteProfileVerifyID/index.js
FNF:0
FNH:0
LF:0
LH:0
BRF:0
BRH:0
end_of_record
TN:
SF:src/components/forms/CompleteProfileVerifyID/validate.js
FN:3,validate
FNF:1
FNH:1
FNDA:2,validate
DA:4,2
DA:5,2
LF:2
LH:2
BRDA:7,0,0,1
BRDA:7,0,1,1
BRDA:7,1,0,2
BRDA:7,1,1,1
BRDA:7,1,2,1
BRF:5
BRH:5
end_of_record
TN:
SF:src/components/forms/ForgotPasswordNew/ForgotPasswordNew.js
FN:10,ForgotPasswordNew
FN:12,(anonymous_1)
FN:30,(anonymous_2)
FNF:3
FNH:3
FNDA:2,ForgotPasswordNew
FNDA:1,(anonymous_1)
FNDA:1,(anonymous_2)
DA:11,2
DA:12,2
DA:13,2
DA:18,2
DA:29,3
DA:34,3
LF:6
LH:6
BRDA:22,0,0,2
BRDA:22,0,1,2
BRDA:23,1,0,1
BRDA:23,1,1,1
BRF:4
BRH:4
end_of_record
TN:
SF:src/components/forms/ForgotPasswordNew/index.js
FNF:0
FNH:0
LF:0
LH:0
BRF:0
BRH:0
end_of_record
TN:
SF:src/components/forms/ForgotPasswordNew/validate.js
FN:3,validate
FNF:1
FNH:1
FNDA:2,validate
DA:4,2
DA:6,2
LF:2
LH:2
BRDA:7,0,0,1
BRDA:7,0,1,1
BRF:2
BRH:2
end_of_record
TN:
SF:src/components/forms/ForgotPasswordRecoveryCode/ForgotPasswordRecoveryCode.js
FN:10,ForgotPasswordRecoveryCode
FN:12,(anonymous_1)
FN:29,(anonymous_2)
FNF:3
FNH:3
FNDA:2,ForgotPasswordRecoveryCode
FNDA:1,(anonymous_1)
FNDA:1,(anonymous_2)
DA:11,2
DA:12,2
DA:13,2
DA:18,2
DA:28,3
DA:33,3
LF:6
LH:6
BRDA:21,0,0,2
BRDA:21,0,1,2
BRDA:22,1,0,1
BRDA:22,1,1,1
BRF:4
BRH:4
end_of_record
TN:
SF:src/components/forms/ForgotPasswordRecoveryCode/index.js
FNF:0
FNH:0
LF:0
LH:0
BRF:0
BRH:0
end_of_record
TN:
SF:src/components/forms/ForgotPasswordRecoveryCode/validate.js
FN:1,validate
FNF:1
FNH:1
FNDA:2,validate
DA:2,2
DA:4,2
LF:2
LH:2
BRDA:5,0,0,1
BRDA:5,0,1,1
BRF:2
BRH:2
end_of_record
TN:
SF:src/components/forms/ForgotPasswordUser/ForgotPasswordUser.js
FN:10,ForgotPasswordUser
FN:12,(anonymous_1)
FN:29,(anonymous_2)
FNF:3
FNH:3
FNDA:2,ForgotPasswordUser
FNDA:1,(anonymous_1)
FNDA:1,(anonymous_2)
DA:11,2
DA:12,2
DA:13,2
DA:18,2
DA:28,3
DA:33,3
LF:6
LH:6
BRDA:21,0,0,2
BRDA:21,0,1,2
BRDA:22,1,0,1
BRDA:22,1,1,1
BRF:4
BRH:4
end_of_record
TN:
SF:src/components/forms/ForgotPasswordUser/index.js
FNF:0
FNH:0
LF:0
LH:0
BRF:0
BRH:0
end_of_record
TN:
SF:src/components/forms/ForgotPasswordUser/validate.js
FN:3,validate
FNF:1
FNH:1
FNDA:2,validate
DA:4,2
DA:6,2
LF:2
LH:2
BRDA:7,0,0,1
BRDA:7,0,1,1
BRDA:7,1,0,2
BRDA:7,1,1,1
BRF:4
BRH:4
end_of_record
TN:
SF:src/components/forms/HelpReportIssues/HelpReportIssues.js
FN:10,HelpReportIssues
FN:13,(anonymous_1)
FN:14,(anonymous_2)
FN:17,(anonymous_3)
FN:35,(anonymous_4)
FN:51,(anonymous_5)
FNF:6
FNH:6
FNDA:3,HelpReportIssues
FNDA:1,(anonymous_1)
FNDA:2,(anonymous_2)
FNDA:6,(anonymous_3)
FNDA:3,(anonymous_4)
FNDA:1,(anonymous_5)
DA:11,3
DA:12,3
DA:13,3
DA:14,3
DA:15,3
DA:17,6
DA:19,3
DA:35,3
DA:36,3
DA:39,3
DA:50,3
DA:55,3
LF:12
LH:12
BRDA:17,0,0,1
BRDA:17,0,1,5
BRDA:36,1,0,3
BRDA:36,1,1,1
BRDA:44,2,0,3
BRDA:44,2,1,1
BRDA:45,3,0,3
BRDA:45,3,1,3
BRF:8
BRH:8
end_of_record
TN:
SF:src/components/forms/HelpReportIssues/index.js
FNF:0
FNH:0
LF:0
LH:0
BRF:0
BRH:0
end_of_record
TN:
SF:src/components/forms/HelpReportIssues/validate.js
FN:1,validate
FNF:1
FNH:1
FNDA:2,validate
DA:2,2
DA:3,2
LF:2
LH:2
BRDA:4,0,0,1
BRDA:4,0,1,1
BRDA:5,1,0,1
BRDA:5,1,1,1
BRF:4
BRH:4
end_of_record
TN:
SF:src/components/forms/IssuesComment/IssuesComment.js
FN:9,IssuesComment
FN:11,(anonymous_1)
FN:27,(anonymous_2)
FNF:3
FNH:3
FNDA:1,IssuesComment
FNDA:1,(anonymous_1)
FNDA:1,(anonymous_2)
DA:10,1
DA:11,1
DA:12,1
DA:17,1
DA:26,3
DA:31,3
LF:6
LH:6
BRDA:20,0,0,1
BRDA:20,0,1,1
BRF:2
BRH:2
end_of_record
TN:
SF:src/components/forms/IssuesComment/index.js
FNF:0
FNH:0
LF:0
LH:0
BRF:0
BRH:0
end_of_record
TN:
SF:src/components/forms/IssuesComment/validate.js
FN:1,validate
FNF:1
FNH:1
FNDA:2,validate
DA:2,2
DA:3,2
LF:2
LH:2
BRDA:4,0,0,1
BRDA:4,0,1,1
BRF:2
BRH:2
end_of_record
TN:
SF:src/components/forms/LinkAjaTransfer/LinkAjaTransfer.js
FN:10,LinkAjaTransfer
FN:12,(anonymous_1)
FN:13,(anonymous_2)
FN:14,(anonymous_3)
FN:16,(anonymous_4)
FN:35,(anonymous_5)
FNF:6
FNH:0
FNDA:0,LinkAjaTransfer
FNDA:0,(anonymous_1)
FNDA:0,(anonymous_2)
FNDA:0,(anonymous_3)
FNDA:0,(anonymous_4)
FNDA:0,(anonymous_5)
DA:11,0
DA:12,0
DA:13,0
DA:14,0
DA:16,0
DA:17,0
DA:18,0
DA:21,0
DA:24,0
DA:34,1
DA:40,1
LF:11
LH:2
BRDA:21,0,0,0
BRDA:21,0,1,0
BRDA:21,1,0,0
BRDA:21,1,1,0
BRDA:28,2,0,0
BRDA:28,2,1,0
BRDA:28,3,0,0
BRDA:28,3,1,0
BRDA:28,4,0,0
BRDA:28,4,1,0
BRDA:29,5,0,0
BRDA:29,5,1,0
BRDA:29,5,2,0
BRDA:29,6,0,0
BRDA:29,6,1,0
BRF:15
BRH:0
end_of_record
TN:
SF:src/components/forms/LinkAjaTransfer/index.js
FNF:0
FNH:0
LF:0
LH:0
BRF:0
BRH:0
end_of_record
TN:
SF:src/components/forms/LinkAjaTransfer/validate.js
FN:3,validate
FNF:1
FNH:0
FNDA:0,validate
DA:4,0
DA:6,0
LF:2
LH:0
BRDA:7,0,0,0
BRDA:7,0,1,0
BRDA:8,1,0,0
BRDA:8,1,1,0
BRF:4
BRH:0
end_of_record
TN:
SF:src/components/forms/LoginPassword/LoginPassword.js
FN:11,LoginPassword
FN:13,(anonymous_1)
FN:32,(anonymous_2)
FNF:3
FNH:3
FNDA:2,LoginPassword
FNDA:1,(anonymous_1)
FNDA:1,(anonymous_2)
DA:12,2
DA:13,2
DA:14,2
DA:20,2
DA:31,3
DA:36,3
LF:6
LH:6
BRDA:24,0,0,2
BRDA:24,0,1,2
BRDA:25,1,0,1
BRDA:25,1,1,1
BRF:4
BRH:4
end_of_record
TN:
SF:src/components/forms/LoginPassword/index.js
FNF:0
FNH:0
LF:0
LH:0
BRF:0
BRH:0
end_of_record
TN:
SF:src/components/forms/LoginPassword/validate.js
FN:1,validate
FNF:1
FNH:1
FNDA:2,validate
DA:2,2
DA:4,2
LF:2
LH:2
BRDA:5,0,0,1
BRDA:5,0,1,1
BRF:2
BRH:2
end_of_record
TN:
SF:src/components/forms/LoginUser/LoginUser.js
FN:10,LoginUser
FN:12,(anonymous_1)
FN:30,(anonymous_2)
FNF:3
FNH:3
FNDA:2,LoginUser
FNDA:1,(anonymous_1)
FNDA:1,(anonymous_2)
DA:11,2
DA:12,2
DA:13,2
DA:19,2
DA:29,3
DA:34,3
LF:6
LH:6
BRDA:22,0,0,2
BRDA:22,0,1,2
BRDA:23,1,0,1
BRDA:23,1,1,1
BRF:4
BRH:4
end_of_record
TN:
SF:src/components/forms/LoginUser/index.js
FNF:0
FNH:0
LF:0
LH:0
BRF:0
BRH:0
end_of_record
TN:
SF:src/components/forms/LoginUser/validate.js
FN:3,validate
FNF:1
FNH:1
FNDA:2,validate
DA:4,2
DA:6,2
LF:2
LH:2
BRDA:7,0,0,1
BRDA:7,0,1,1
BRDA:7,1,0,2
BRDA:7,1,1,1
BRF:4
BRH:4
end_of_record
TN:
SF:src/components/forms/ManageSubscriptionsDeviceName/ManageSubscriptionsDeviceName.js
FN:10,ManageSubscriptionsDeviceName
FN:12,(anonymous_1)
FN:37,(anonymous_2)
FN:38,(anonymous_3)
FNF:4
FNH:4
FNDA:2,ManageSubscriptionsDeviceName
FNDA:1,(anonymous_1)
FNDA:1,(anonymous_2)
FNDA:1,(anonymous_3)
DA:11,2
DA:12,2
DA:13,2
DA:19,2
DA:36,4
DA:43,4
LF:6
LH:6
BRDA:23,0,0,2
BRDA:23,0,1,1
BRDA:29,1,0,1
BRDA:29,1,1,1
BRF:4
BRH:4
end_of_record
TN:
SF:src/components/forms/ManageSubscriptionsDeviceName/index.js
FNF:0
FNH:0
LF:0
LH:0
BRF:0
BRH:0
end_of_record
TN:
SF:src/components/forms/ManageSubscriptionsDeviceName/validate.js
FN:1,validate
FNF:1
FNH:1
FNDA:2,validate
DA:2,2
DA:4,2
LF:2
LH:2
BRDA:5,0,0,1
BRDA:5,0,1,1
BRF:2
BRH:2
end_of_record
TN:
SF:src/components/forms/ManageSubscriptionsPasswordWifiId/ManageSubscriptionsPasswordWifiId.js
FN:10,ManageSubscriptionsPasswordWifiId
FN:12,(anonymous_1)
FN:38,(anonymous_2)
FN:39,(anonymous_3)
FNF:4
FNH:4
FNDA:2,ManageSubscriptionsPasswordWifiId
FNDA:1,(anonymous_1)
FNDA:1,(anonymous_2)
FNDA:1,(anonymous_3)
DA:11,2
DA:12,2
DA:13,2
DA:20,2
DA:37,4
DA:44,4
LF:6
LH:6
BRDA:24,0,0,2
BRDA:24,0,1,1
BRDA:30,1,0,1
BRDA:30,1,1,1
BRF:4
BRH:4
end_of_record
TN:
SF:src/components/forms/ManageSubscriptionsPasswordWifiId/index.js
FNF:0
FNH:0
LF:0
LH:0
BRF:0
BRH:0
end_of_record
TN:
SF:src/components/forms/ManageSubscriptionsPasswordWifiId/validate.js
FN:1,validate
FNF:1
FNH:1
FNDA:2,validate
DA:2,2
DA:4,2
LF:2
LH:2
BRDA:5,0,0,1
BRDA:5,0,1,1
BRF:2
BRH:2
end_of_record
TN:
SF:src/components/forms/ManageUsersPassword/ManageUsersPassword.js
FN:9,ManageUsersPassword
FN:30,(anonymous_1)
FNF:2
FNH:0
FNDA:0,ManageUsersPassword
FNDA:0,(anonymous_1)
DA:10,0
DA:11,0
DA:17,0
DA:29,1
DA:35,1
LF:5
LH:2
BRDA:20,0,0,0
BRDA:20,0,1,0
BRF:2
BRH:0
end_of_record
TN:
SF:src/components/forms/ManageUsersPassword/index.js
FNF:0
FNH:0
LF:0
LH:0
BRF:0
BRH:0
end_of_record
TN:
SF:src/components/forms/ManageUsersPassword/validate.js
FN:1,validate
FNF:1
FNH:0
FNDA:0,validate
DA:2,0
DA:4,0
LF:2
LH:0
BRDA:5,0,0,0
BRDA:5,0,1,0
BRF:2
BRH:0
end_of_record
TN:
SF:src/components/forms/PersonalDataReview/PersonalDataReview.js
FN:11,PersonalDataReview
FN:14,(anonymous_1)
FN:45,(anonymous_2)
FN:47,(anonymous_3)
FN:72,(anonymous_4)
FN:73,(anonymous_5)
FN:75,(anonymous_6)
FNF:7
FNH:7
FNDA:3,PersonalDataReview
FNDA:2,(anonymous_1)
FNDA:2,(anonymous_2)
FNDA:3,(anonymous_3)
FNDA:1,(anonymous_4)
FNDA:1,(anonymous_5)
FNDA:1,(anonymous_6)
DA:12,3
DA:13,3
DA:14,3
DA:15,3
DA:22,3
DA:28,3
DA:33,3
DA:38,3
DA:45,3
DA:47,3
DA:48,3
DA:49,2
DA:50,2
DA:54,3
DA:71,3
DA:78,3
LF:16
LH:16
BRDA:45,0,0,1
BRDA:45,0,1,1
BRDA:48,1,0,2
BRDA:48,1,1,1
BRDA:50,2,0,1
BRDA:50,2,1,1
BRDA:59,3,0,3
BRDA:59,3,1,1
BRDA:60,4,0,3
BRDA:60,4,1,1
BRDA:63,5,0,3
BRDA:63,5,1,3
BRDA:64,6,0,1
BRDA:64,6,1,2
BRF:14
BRH:14
end_of_record
TN:
SF:src/components/forms/PersonalDataReview/index.js
FNF:0
FNH:0
LF:0
LH:0
BRF:0
BRH:0
end_of_record
TN:
SF:src/components/forms/PersonalDataReview/validate.js
FN:1,validate
FNF:1
FNH:1
FNDA:2,validate
DA:2,2
DA:4,2
LF:2
LH:2
BRDA:5,0,0,1
BRDA:5,0,1,1
BRDA:6,1,0,1
BRDA:6,1,1,1
BRDA:7,2,0,1
BRDA:7,2,1,1
BRF:6
BRH:6
end_of_record
TN:
SF:src/components/forms/ProfileChangeEM/ProfileChangeEM.js
FN:11,ProfileChangeEM
FN:13,(anonymous_1)
FN:34,(anonymous_2)
FNF:3
FNH:3
FNDA:3,ProfileChangeEM
FNDA:1,(anonymous_1)
FNDA:1,(anonymous_2)
DA:12,3
DA:13,3
DA:14,3
DA:15,3
DA:16,3
DA:21,3
DA:23,3
DA:33,5
DA:38,5
LF:9
LH:9
BRDA:17,0,0,1
BRDA:17,0,1,2
BRDA:18,1,0,1
BRDA:18,1,1,2
BRDA:19,2,0,1
BRDA:19,2,1,2
BRDA:21,3,0,1
BRDA:21,3,1,2
BRDA:26,4,0,3
BRDA:26,4,1,3
BRDA:27,5,0,1
BRDA:27,5,1,2
BRF:12
BRH:12
end_of_record
TN:
SF:src/components/forms/ProfileChangeEM/index.js
FNF:0
FNH:0
LF:0
LH:0
BRF:0
BRH:0
end_of_record
TN:
SF:src/components/forms/ProfileChangeEM/validate.js
FN:3,validate
FNF:1
FNH:1
FNDA:3,validate
DA:4,3
DA:6,3
LF:2
LH:2
BRDA:7,0,0,2
BRDA:7,0,1,1
BRDA:8,1,0,2
BRDA:8,1,1,1
BRF:4
BRH:4
end_of_record
TN:
SF:src/components/forms/ProfileChangePassword/ProfileChangePassword.js
FN:11,ProfileChangePassword
FN:13,(anonymous_1)
FN:14,(anonymous_2)
FN:35,(anonymous_3)
FNF:4
FNH:4
FNDA:2,ProfileChangePassword
FNDA:1,(anonymous_1)
FNDA:4,(anonymous_2)
FNDA:1,(anonymous_3)
DA:12,2
DA:13,2
DA:14,2
DA:15,4
DA:19,4
DA:22,2
DA:34,3
DA:39,3
LF:8
LH:8
BRDA:27,0,0,2
BRDA:27,0,1,2
BRDA:28,1,0,1
BRDA:28,1,1,1
BRF:4
BRH:4
end_of_record
TN:
SF:src/components/forms/ProfileChangePassword/index.js
FNF:0
FNH:0
LF:0
LH:0
BRF:0
BRH:0
end_of_record
TN:
SF:src/components/forms/ProfileChangePassword/validate.js
FN:3,validate
FN:5,(anonymous_1)
FNF:2
FNH:2
FNDA:3,validate
FNDA:2,(anonymous_1)
DA:4,3
DA:5,3
DA:6,2
DA:9,3
LF:4
LH:4
BRDA:6,0,0,1
BRDA:6,0,1,1
BRDA:10,1,0,1
BRDA:10,1,1,2
BRF:4
BRH:4
end_of_record
TN:
SF:src/components/forms/ProfileEdit/ProfileEdit.js
FN:12,ProfileEdit
FN:17,(anonymous_1)
FN:18,(anonymous_2)
FN:31,(anonymous_3)
FN:67,(anonymous_4)
FN:68,(anonymous_5)
FNF:6
FNH:6
FNDA:4,ProfileEdit
FNDA:1,(anonymous_1)
FNDA:9,(anonymous_2)
FNDA:4,(anonymous_3)
FNDA:1,(anonymous_4)
FNDA:4,(anonymous_5)
DA:13,4
DA:17,4
DA:18,4
DA:19,9
DA:24,9
DA:26,4
DA:31,4
DA:32,4
DA:35,4
DA:36,1
DA:39,3
DA:66,3
DA:72,3
LF:13
LH:13
BRDA:35,0,0,1
BRDA:35,0,1,3
BRDA:35,1,0,4
BRDA:35,1,1,4
BRDA:58,2,0,3
BRDA:58,2,1,3
BRDA:59,3,0,1
BRDA:59,3,1,2
BRDA:61,4,0,3
BRDA:61,4,1,1
BRF:10
BRH:10
end_of_record
TN:
SF:src/components/forms/ProfileEdit/index.js
FNF:0
FNH:0
LF:0
LH:0
BRF:0
BRH:0
end_of_record
TN:
SF:src/components/forms/ProfileEdit/validate.js
FN:1,validate
FNF:1
FNH:1
FNDA:2,validate
DA:2,2
DA:3,2
DA:5,2
LF:3
LH:3
BRDA:6,0,0,1
BRDA:6,0,1,1
BRDA:7,1,0,1
BRDA:7,1,1,1
BRDA:8,2,0,1
BRDA:8,2,1,1
BRDA:9,3,0,1
BRDA:9,3,1,1
BRF:8
BRH:8
end_of_record
TN:
SF:src/components/forms/ProfileRecoveryCode/ProfileRecoveryCode.js
FN:11,ProfileRecoveryCode
FN:14,(anonymous_1)
FN:23,(anonymous_2)
FN:43,(anonymous_3)
FN:45,(anonymous_4)
FNF:5
FNH:5
FNDA:3,ProfileRecoveryCode
FNDA:2,(anonymous_1)
FNDA:1,(anonymous_2)
FNDA:1,(anonymous_3)
FNDA:1,(anonymous_4)
DA:12,3
DA:13,3
DA:14,3
DA:15,3
DA:16,3
DA:17,3
DA:18,3
DA:23,3
DA:24,1
DA:25,1
DA:28,3
DA:42,5
DA:48,5
LF:13
LH:13
BRDA:31,0,0,2
BRDA:31,0,1,1
BRDA:35,1,0,3
BRDA:35,1,1,3
BRDA:36,2,0,1
BRDA:36,2,1,2
BRF:6
BRH:6
end_of_record
TN:
SF:src/components/forms/ProfileRecoveryCode/index.js
FNF:0
FNH:0
LF:0
LH:0
BRF:0
BRH:0
end_of_record
TN:
SF:src/components/forms/ProfileRecoveryCode/validate.js
FN:1,validate
FNF:1
FNH:1
FNDA:2,validate
DA:2,2
DA:4,2
LF:2
LH:2
BRDA:5,0,0,1
BRDA:5,0,1,1
BRF:2
BRH:2
end_of_record
TN:
SF:src/components/forms/RegisterUser/RegisterUser.js
FN:11,RegisterUser
FN:13,(anonymous_1)
FN:15,(anonymous_2)
FN:19,(anonymous_3)
FN:47,(anonymous_4)
FN:48,(anonymous_5)
FNF:6
FNH:6
FNDA:2,RegisterUser
FNDA:1,(anonymous_1)
FNDA:2,(anonymous_2)
FNDA:10,(anonymous_3)
FNDA:1,(anonymous_4)
FNDA:2,(anonymous_5)
DA:12,2
DA:13,2
DA:15,2
DA:16,2
DA:19,2
DA:20,10
DA:21,10
DA:27,10
DA:30,2
DA:46,3
DA:52,3
LF:11
LH:11
BRDA:20,0,0,2
BRDA:20,0,1,8
BRDA:39,1,0,2
BRDA:39,1,1,2
BRDA:40,2,0,1
BRDA:40,2,1,1
BRF:6
BRH:6
end_of_record
TN:
SF:src/components/forms/RegisterUser/index.js
FNF:0
FNH:0
LF:0
LH:0
BRF:0
BRH:0
end_of_record
TN:
SF:src/components/forms/RegisterUser/validate.js
FN:3,validate
FNF:1
FNH:1
FNDA:2,validate
DA:4,2
DA:6,2
LF:2
LH:2
BRDA:7,0,0,1
BRDA:7,0,1,1
BRDA:8,1,0,2
BRDA:8,1,1,0
BRDA:9,2,0,2
BRDA:9,2,1,0
BRDA:10,3,0,2
BRDA:10,3,1,0
BRF:8
BRH:5
end_of_record
TN:
SF:src/components/forms/ScheduleAppointmentContact/ScheduleAppointmentContact.js
FN:8,ScheduleAppointmentContact
FN:19,(anonymous_1)
FN:37,(anonymous_2)
FN:38,(anonymous_3)
FN:40,(anonymous_4)
FNF:5
FNH:5
FNDA:2,ScheduleAppointmentContact
FNDA:2,(anonymous_1)
FNDA:1,(anonymous_2)
FNDA:1,(anonymous_3)
FNDA:1,(anonymous_4)
DA:9,2
DA:10,2
DA:14,2
DA:19,2
DA:20,2
DA:23,2
DA:35,4
DA:43,4
LF:8
LH:8
BRDA:20,0,0,2
BRDA:20,0,1,1
BRF:2
BRH:2
end_of_record
TN:
SF:src/components/forms/ScheduleAppointmentContact/index.js
FNF:0
FNH:0
LF:0
LH:0
BRF:0
BRH:0
end_of_record
TN:
SF:src/components/forms/ScheduleAppointmentContact/validate.js
FN:3,validate
FNF:1
FNH:1
FNDA:2,validate
DA:4,2
DA:6,2
LF:2
LH:2
BRDA:7,0,0,1
BRDA:7,0,1,1
BRDA:8,1,0,1
BRDA:8,1,1,1
BRF:4
BRH:4
end_of_record
TN:
SF:src/components/forms/SendFeedback/SendFeedback.js
FN:11,SendFeedback
FN:13,(anonymous_1)
FN:32,(anonymous_2)
FNF:3
FNH:3
FNDA:2,SendFeedback
FNDA:1,(anonymous_1)
FNDA:1,(anonymous_2)
DA:12,2
DA:13,2
DA:14,2
DA:19,2
DA:31,3
DA:36,3
LF:6
LH:6
BRDA:15,0,0,1
BRDA:15,0,1,1
BRDA:23,1,0,2
BRDA:23,1,1,1
BRDA:24,2,0,2
BRDA:24,2,1,2
BRDA:25,3,0,1
BRDA:25,3,1,1
BRF:8
BRH:8
end_of_record
TN:
SF:src/components/forms/SendFeedback/index.js
FNF:0
FNH:0
LF:0
LH:0
BRF:0
BRH:0
end_of_record
TN:
SF:src/components/forms/SendFeedback/validate.js
FN:1,validate
FNF:1
FNH:1
FNDA:2,validate
DA:2,2
DA:3,2
DA:5,2
LF:3
LH:3
BRDA:6,0,0,1
BRDA:6,0,1,1
BRDA:7,1,0,1
BRDA:7,1,1,1
BRF:4
BRH:4
end_of_record
TN:
SF:src/components/forms/TmoneyActivate/TmoneyActivate.js
FN:10,TmoneyActivate
FN:12,(anonymous_1)
FN:28,(anonymous_2)
FNF:3
FNH:3
FNDA:2,TmoneyActivate
FNDA:1,(anonymous_1)
FNDA:1,(anonymous_2)
DA:11,2
DA:12,2
DA:13,2
DA:19,2
DA:27,4
DA:32,4
LF:6
LH:6
BRDA:22,0,0,2
BRDA:22,0,1,2
BRDA:22,1,0,1
BRDA:22,1,1,1
BRF:4
BRH:4
end_of_record
TN:
SF:src/components/forms/TmoneyActivate/index.js
FNF:0
FNH:0
LF:0
LH:0
BRF:0
BRH:0
end_of_record
TN:
SF:src/components/forms/TmoneyActivate/validate.js
FN:1,validate
FNF:1
FNH:1
FNDA:5,validate
DA:2,5
DA:3,5
DA:4,5
LF:3
LH:3
BRDA:5,0,0,4
BRDA:5,0,1,1
BRF:2
BRH:2
end_of_record
TN:
SF:src/components/fragments/CompleteProfileStatus/CompleteProfileStatus.js
FN:7,CompleteProfileStatus
FN:11,(anonymous_1)
FNF:2
FNH:2
FNDA:4,CompleteProfileStatus
FNDA:1,(anonymous_1)
DA:8,4
DA:9,4
DA:10,4
DA:11,4
DA:12,1
DA:14,4
DA:37,4
LF:7
LH:7
BRDA:39,0,0,2
BRDA:39,0,1,2
BRF:2
BRH:2
end_of_record
TN:
SF:src/components/fragments/CompleteProfileStatus/index.js
FNF:0
FNH:0
LF:0
LH:0
BRF:0
BRH:0
end_of_record
TN:
SF:src/components/fragments/CompleteProfileVerifyLocation/CompleteProfileVerifyLocation.js
FN:12,CompleteProfileVerifyLocation
FN:14,(anonymous_1)
FN:30,RequestLocation
FN:54,(anonymous_3)
FN:72,VerifyCall
FN:87,(anonymous_5)
FN:101,(anonymous_6)
FN:111,VerifyIP
FN:134,VerifyIPCheck
FNF:9
FNH:0
FNDA:0,CompleteProfileVerifyLocation
FNDA:0,(anonymous_1)
FNDA:0,RequestLocation
FNDA:0,(anonymous_3)
FNDA:0,VerifyCall
FNDA:0,(anonymous_5)
FNDA:0,(anonymous_6)
FNDA:0,VerifyIP
FNDA:0,VerifyIPCheck
DA:13,0
DA:14,0
DA:15,0
DA:17,0
DA:19,0
DA:21,0
DA:23,0
DA:25,0
DA:31,0
DA:38,0
DA:51,0
DA:55,0
DA:73,0
DA:74,0
DA:75,0
DA:76,0
DA:77,0
DA:78,0
DA:87,0
DA:88,0
DA:91,0
DA:101,0
DA:112,0
DA:121,0
DA:135,0
DA:136,0
DA:137,0
DA:141,0
DA:150,0
LF:29
LH:0
BRDA:15,0,0,0
BRDA:15,0,1,0
BRDA:15,0,2,0
BRDA:15,0,3,0
BRDA:15,0,4,0
BRDA:58,1,0,0
BRDA:58,1,1,0
BRDA:94,2,0,0
BRDA:94,2,1,0
BRDA:155,3,0,0
BRDA:155,3,1,0
BRDA:157,4,0,0
BRDA:157,4,1,0
BRDA:160,5,0,0
BRDA:160,5,1,0
BRF:15
BRH:0
end_of_record
TN:
SF:src/components/fragments/CompleteProfileVerifyLocation/index.js
FNF:0
FNH:0
LF:0
LH:0
BRF:0
BRH:0
end_of_record
TN:
SF:src/components/fragments/HomeLatest/HomeLatest.js
FN:8,HomeLatest
FN:9,(anonymous_1)
FN:17,(anonymous_2)
FN:24,(anonymous_3)
FNF:4
FNH:4
FNDA:2,HomeLatest
FNDA:1,(anonymous_1)
FNDA:2,(anonymous_2)
FNDA:1,(anonymous_3)
DA:9,2
DA:10,2
DA:11,2
DA:18,2
DA:25,1
LF:5
LH:5
BRDA:16,0,0,1
BRDA:16,0,1,1
BRF:2
BRH:2
end_of_record
TN:
SF:src/components/fragments/HomeLatest/index.js
FNF:0
FNH:0
LF:0
LH:0
BRF:0
BRH:0
end_of_record
TN:
SF:src/components/fragments/HomePrimaryActions/HomePrimaryActions.js
FN:11,HomePrimaryActions
FN:12,(anonymous_1)
FN:14,(anonymous_2)
FN:30,Bill
FN:31,(anonymous_4)
FN:60,BillContainer
FN:61,(anonymous_6)
FN:74,Browse
FN:88,Usage
FNF:9
FNH:9
FNDA:4,HomePrimaryActions
FNDA:2,(anonymous_1)
FNDA:3,(anonymous_2)
FNDA:4,Bill
FNDA:1,(anonymous_4)
FNDA:4,BillContainer
FNDA:1,(anonymous_6)
FNDA:1,Browse
FNDA:1,Usage
DA:12,4
DA:14,4
DA:15,3
DA:23,4
DA:31,4
DA:32,4
DA:34,4
DA:40,4
DA:42,4
DA:61,4
DA:63,4
DA:64,1
DA:65,1
DA:66,1
DA:67,1
DA:71,3
DA:72,3
DA:75,1
DA:89,1
LF:19
LH:19
BRDA:15,0,0,1
BRDA:15,0,1,2
BRDA:15,1,0,3
BRDA:15,1,1,3
BRDA:25,2,0,1
BRDA:25,2,1,3
BRDA:40,3,0,4
BRDA:40,3,1,1
BRDA:63,4,0,1
BRDA:63,4,1,1
BRDA:63,4,2,1
BRDA:63,4,3,1
BRF:12
BRH:12
end_of_record
TN:
SF:src/components/fragments/HomePrimaryActions/index.js
FNF:0
FNH:0
LF:0
LH:0
BRF:0
BRH:0
end_of_record
TN:
SF:src/components/fragments/HomeRecommended/HomeRecommended.js
FN:7,HomeRecommended
FN:8,(anonymous_1)
FN:17,(anonymous_2)
FN:18,(anonymous_3)
FNF:4
FNH:4
FNDA:2,HomeRecommended
FNDA:1,(anonymous_1)
FNDA:1,(anonymous_2)
FNDA:1,(anonymous_3)
DA:8,2
DA:9,2
DA:10,2
DA:11,2
DA:17,1
DA:18,1
LF:6
LH:6
BRDA:9,0,0,1
BRDA:9,0,1,1
BRDA:16,1,0,1
BRDA:16,1,1,1
BRF:4
BRH:4
end_of_record
TN:
SF:src/components/fragments/HomeRecommended/index.js
FNF:0
FNH:0
LF:0
LH:0
BRF:0
BRH:0
end_of_record
TN:
SF:src/components/fragments/HomeShopMenu/HomeShopMenu.js
FN:5,HomeShopMenu
FN:32,(anonymous_1)
FNF:2
FNH:2
FNDA:1,HomeShopMenu
FNDA:4,(anonymous_1)
DA:6,1
DA:29,1
DA:33,4
LF:3
LH:3
BRF:0
BRH:0
end_of_record
TN:
SF:src/components/fragments/HomeShopMenu/index.js
FNF:0
FNH:0
LF:0
LH:0
BRF:0
BRH:0
end_of_record
TN:
SF:src/components/fragments/HomeSubscribe/HomeSubscribe.js
FN:8,HomeSubscribe
FN:9,(anonymous_1)
FN:17,(anonymous_2)
FN:23,(anonymous_3)
FNF:4
FNH:4
FNDA:2,HomeSubscribe
FNDA:1,(anonymous_1)
FNDA:1,(anonymous_2)
FNDA:1,(anonymous_3)
DA:9,2
DA:10,2
DA:11,2
DA:17,1
DA:23,1
LF:5
LH:5
BRDA:14,0,0,2
BRDA:14,0,1,1
BRDA:14,0,2,1
BRF:3
BRH:3
end_of_record
TN:
SF:src/components/fragments/HomeSubscribe/index.js
FNF:0
FNH:0
LF:0
LH:0
BRF:0
BRH:0
end_of_record
TN:
SF:src/components/fragments/InstallationSchedule/InstallationSchedule.js
FN:9,InstallationSchedule
FN:10,(anonymous_1)
FN:11,(anonymous_2)
FNF:3
FNH:3
FNDA:3,InstallationSchedule
FNDA:1,(anonymous_1)
FNDA:12,(anonymous_2)
DA:10,3
DA:11,3
DA:12,12
DA:13,4
DA:15,8
DA:18,3
DA:41,3
DA:45,3
LF:8
LH:8
BRDA:12,0,0,4
BRDA:12,0,1,8
BRDA:12,1,0,12
BRDA:12,1,1,8
BRDA:15,2,0,4
BRDA:15,2,1,4
BRF:6
BRH:6
end_of_record
TN:
SF:src/components/fragments/InstallationSchedule/index.js
FNF:0
FNH:0
LF:0
LH:0
BRF:0
BRH:0
end_of_record
TN:
SF:src/components/fragments/InstallationStatus/InstallationStatus.js
FN:15,InstallationStatus
FN:19,(anonymous_1)
FN:26,(anonymous_2)
FN:29,(anonymous_3)
FN:38,(anonymous_4)
FN:66,(anonymous_5)
FN:71,StatusModal
FN:78,(anonymous_7)
FN:95,(anonymous_8)
FNF:9
FNH:0
FNDA:0,InstallationStatus
FNDA:0,(anonymous_1)
FNDA:0,(anonymous_2)
FNDA:0,(anonymous_3)
FNDA:0,(anonymous_4)
FNDA:0,(anonymous_5)
FNDA:0,StatusModal
FNDA:0,(anonymous_7)
FNDA:0,(anonymous_8)
DA:9,2
DA:16,0
DA:17,0
DA:19,0
DA:20,0
DA:23,0
DA:27,0
DA:28,0
DA:29,0
DA:30,0
DA:31,0
DA:32,0
DA:33,0
DA:35,0
DA:38,0
DA:39,0
DA:40,0
DA:41,0
DA:42,0
DA:43,0
DA:44,0
DA:46,0
DA:49,0
DA:66,0
DA:73,0
DA:79,0
DA:94,2
DA:99,2
LF:28
LH:3
BRDA:27,0,0,0
BRDA:27,0,1,0
BRDA:28,1,0,0
BRDA:28,1,1,0
BRDA:30,2,0,0
BRDA:30,2,1,0
BRDA:32,3,0,0
BRDA:32,3,1,0
BRDA:39,4,0,0
BRDA:39,4,1,0
BRDA:41,5,0,0
BRDA:41,5,1,0
BRDA:43,6,0,0
BRDA:43,6,1,0
BRDA:54,7,0,0
BRDA:54,7,1,0
BRF:16
BRH:0
end_of_record
TN:
SF:src/components/fragments/InstallationStatus/constants.js
FNF:0
FNH:0
DA:1,2
LF:1
LH:1
BRF:0
BRH:0
end_of_record
TN:
SF:src/components/fragments/InstallationStatus/index.js
FNF:0
FNH:0
LF:0
LH:0
BRF:0
BRH:0
end_of_record
TN:
SF:src/components/fragments/InstallationTechnician/InstallationTechnician.js
FN:6,InstallationTechnician
FN:7,(anonymous_1)
FN:8,(anonymous_2)
FNF:3
FNH:0
FNDA:0,InstallationTechnician
FNDA:0,(anonymous_1)
FNDA:0,(anonymous_2)
DA:7,0
DA:8,0
DA:9,0
DA:10,0
DA:12,0
DA:15,0
LF:6
LH:0
BRDA:9,0,0,0
BRDA:9,0,1,0
BRDA:9,1,0,0
BRDA:9,1,1,0
BRDA:12,2,0,0
BRDA:12,2,1,0
BRF:6
BRH:0
end_of_record
TN:
SF:src/components/fragments/InstallationTechnician/index.js
FNF:0
FNH:0
LF:0
LH:0
BRF:0
BRH:0
end_of_record
TN:
SF:src/components/fragments/IssuesDetailStatus/IssuesDetailStatus.js
FN:15,IssuesDetailStatus
FN:16,(anonymous_1)
FN:29,Appointment
FN:30,(anonymous_3)
FN:54,Ticket
FN:55,(anonymous_5)
FN:69,Address
FN:70,(anonymous_7)
FN:79,Technician
FN:80,(anonymous_9)
FN:87,(anonymous_10)
FN:87,(anonymous_11)
FN:105,Steps
FN:106,(anonymous_13)
FN:148,(anonymous_14)
FN:159,(anonymous_15)
FNF:16
FNH:16
FNDA:1,IssuesDetailStatus
FNDA:1,(anonymous_1)
FNDA:2,Appointment
FNDA:1,(anonymous_3)
FNDA:2,Ticket
FNDA:1,(anonymous_5)
FNDA:2,Address
FNDA:1,(anonymous_7)
FNDA:3,Technician
FNDA:2,(anonymous_9)
FNDA:4,(anonymous_10)
FNDA:1,(anonymous_11)
FNDA:1,Steps
FNDA:1,(anonymous_13)
FNDA:4,(anonymous_14)
FNDA:4,(anonymous_15)
DA:13,3
DA:16,1
DA:17,1
DA:18,1
DA:30,2
DA:31,2
DA:32,2
DA:55,2
DA:56,2
DA:57,2
DA:58,2
DA:70,2
DA:71,2
DA:80,3
DA:81,3
DA:83,3
DA:84,1
DA:87,4
DA:88,1
DA:91,2
DA:106,1
DA:107,1
DA:145,1
DA:146,1
DA:148,1
DA:149,4
DA:150,1
DA:151,3
DA:152,1
DA:154,2
DA:157,1
DA:160,4
LF:32
LH:32
BRDA:20,0,0,1
BRDA:20,0,1,1
BRDA:22,1,0,1
BRDA:22,1,1,1
BRDA:38,2,0,1
BRDA:38,2,1,1
BRDA:38,3,0,2
BRDA:38,3,1,1
BRDA:47,4,0,1
BRDA:47,4,1,1
BRDA:60,5,0,1
BRDA:60,5,1,1
BRDA:62,6,0,2
BRDA:62,6,1,1
BRDA:62,6,2,1
BRDA:63,7,0,1
BRDA:63,7,1,1
BRDA:74,8,0,1
BRDA:74,8,1,1
BRDA:83,9,0,1
BRDA:83,9,1,2
BRDA:149,10,0,1
BRDA:149,10,1,3
BRDA:151,11,0,1
BRDA:151,11,1,2
BRDA:160,12,0,1
BRDA:160,12,1,3
BRF:27
BRH:27
end_of_record
TN:
SF:src/components/fragments/IssuesDetailStatus/index.js
FNF:0
FNH:0
LF:0
LH:0
BRF:0
BRH:0
end_of_record
TN:
SF:src/components/fragments/ManageSubscriptionsMovin/ManageSubscriptionsMovin.js
FN:10,ManageSubscriptionsMovin
FN:14,(anonymous_1)
FN:17,(anonymous_2)
FN:20,(anonymous_3)
FN:31,(anonymous_4)
FN:49,(anonymous_5)
FN:54,(anonymous_6)
FN:61,(anonymous_7)
FN:62,(anonymous_8)
FN:74,Overlay
FN:76,(anonymous_10)
FN:78,(anonymous_11)
FNF:12
FNH:12
FNDA:4,ManageSubscriptionsMovin
FNDA:1,(anonymous_1)
FNDA:4,(anonymous_2)
FNDA:1,(anonymous_3)
FNDA:4,(anonymous_4)
FNDA:1,(anonymous_5)
FNDA:1,(anonymous_6)
FNDA:1,(anonymous_7)
FNDA:1,(anonymous_8)
FNDA:1,Overlay
FNDA:1,(anonymous_10)
FNDA:1,(anonymous_11)
DA:11,4
DA:12,4
DA:13,4
DA:14,1
DA:17,4
DA:18,4
DA:20,4
DA:21,1
DA:28,1
DA:31,4
DA:32,4
DA:33,1
DA:39,3
DA:40,1
DA:42,2
DA:44,4
DA:50,1
DA:54,1
DA:61,1
DA:62,1
DA:75,1
DA:76,1
DA:78,1
DA:79,1
DA:82,1
LF:25
LH:25
BRDA:32,0,0,1
BRDA:32,0,1,3
BRDA:39,1,0,1
BRDA:39,1,1,2
BRDA:63,2,0,4
BRDA:63,2,1,4
BRF:6
BRH:6
end_of_record
TN:
SF:src/components/fragments/ManageSubscriptionsMovin/index.js
FNF:0
FNH:0
LF:0
LH:0
BRF:0
BRH:0
end_of_record
TN:
SF:src/components/fragments/ManageSubscriptionsWifiId/ManageSubscriptionsWifiId.js
FN:16,ManageSubscriptionsWifiId
FN:17,(anonymous_1)
FN:19,(anonymous_2)
FN:28,(anonymous_3)
FN:37,LoginInformation
FN:40,(anonymous_5)
FN:42,(anonymous_6)
FN:56,(anonymous_7)
FN:83,(anonymous_8)
FN:86,(anonymous_9)
FN:89,(anonymous_10)
FN:91,(anonymous_11)
FN:100,Devices
FN:103,(anonymous_13)
FN:108,(anonymous_14)
FN:112,(anonymous_15)
FN:124,(anonymous_16)
FN:144,(anonymous_17)
FN:154,(anonymous_18)
FN:160,(anonymous_19)
FN:168,(anonymous_20)
FN:171,(anonymous_21)
FN:177,(anonymous_22)
FN:178,(anonymous_23)
FN:179,(anonymous_24)
FN:192,HowToWifiId
FN:194,(anonymous_26)
FN:195,(anonymous_27)
FN:199,(anonymous_28)
FN:215,(anonymous_29)
FN:222,(anonymous_30)
FN:234,Overlay
FN:236,(anonymous_32)
FN:238,(anonymous_33)
FNF:34
FNH:34
FNDA:2,ManageSubscriptionsWifiId
FNDA:2,(anonymous_1)
FNDA:2,(anonymous_2)
FNDA:1,(anonymous_3)
FNDA:3,LoginInformation
FNDA:1,(anonymous_5)
FNDA:1,(anonymous_6)
FNDA:6,(anonymous_7)
FNDA:1,(anonymous_8)
FNDA:1,(anonymous_9)
FNDA:1,(anonymous_10)
FNDA:1,(anonymous_11)
FNDA:3,Devices
FNDA:1,(anonymous_13)
FNDA:3,(anonymous_14)
FNDA:3,(anonymous_15)
FNDA:1,(anonymous_16)
FNDA:1,(anonymous_17)
FNDA:1,(anonymous_18)
FNDA:1,(anonymous_19)
FNDA:1,(anonymous_20)
FNDA:1,(anonymous_21)
FNDA:1,(anonymous_22)
FNDA:1,(anonymous_23)
FNDA:1,(anonymous_24)
FNDA:3,HowToWifiId
FNDA:1,(anonymous_26)
FNDA:3,(anonymous_27)
FNDA:3,(anonymous_28)
FNDA:1,(anonymous_29)
FNDA:1,(anonymous_30)
FNDA:1,Overlay
FNDA:1,(anonymous_32)
FNDA:1,(anonymous_33)
DA:17,2
DA:18,2
DA:19,2
DA:20,2
DA:22,2
DA:38,3
DA:39,3
DA:40,3
DA:41,3
DA:42,3
DA:43,1
DA:53,1
DA:56,3
DA:57,6
DA:58,2
DA:59,4
DA:60,2
DA:62,2
DA:65,3
DA:83,1
DA:86,1
DA:89,1
DA:91,1
DA:101,3
DA:102,3
DA:103,3
DA:104,3
DA:105,3
DA:108,3
DA:109,3
DA:110,1
DA:112,3
DA:113,2
DA:114,1
DA:122,1
DA:124,3
DA:125,1
DA:138,1
DA:140,3
DA:145,1
DA:155,1
DA:161,1
DA:168,1
DA:171,1
DA:178,1
DA:179,1
DA:193,3
DA:194,3
DA:195,3
DA:196,3
DA:197,1
DA:200,3
DA:207,2
DA:208,1
DA:210,1
DA:212,3
DA:216,1
DA:223,1
DA:235,1
DA:236,1
DA:238,1
DA:239,1
DA:242,1
LF:63
LH:63
BRDA:57,0,0,2
BRDA:57,0,1,4
BRDA:59,1,0,2
BRDA:59,1,1,2
BRDA:59,2,0,4
BRDA:59,2,1,4
BRDA:59,2,2,2
BRDA:79,3,0,1
BRDA:79,3,1,2
BRDA:84,4,0,2
BRDA:84,4,1,1
BRDA:89,5,0,3
BRDA:89,5,1,2
BRDA:109,6,0,1
BRDA:109,6,1,2
BRDA:113,7,0,1
BRDA:113,7,1,1
BRDA:113,8,0,2
BRDA:113,8,1,2
BRDA:169,9,0,1
BRDA:169,9,1,1
BRDA:196,10,0,1
BRDA:196,10,1,2
BRDA:207,11,0,1
BRDA:207,11,1,1
BRDA:207,12,0,2
BRDA:207,12,1,2
BRF:27
BRH:27
end_of_record
TN:
SF:src/components/fragments/ManageSubscriptionsWifiId/index.js
FNF:0
FNH:0
LF:0
LH:0
BRF:0
BRH:0
end_of_record
TN:
SF:src/components/fragments/OrderPackage/OrderPackage.js
FN:16,OrderPackage
FN:28,(anonymous_1)
FN:43,CancelOrder
FN:46,(anonymous_3)
FN:49,(anonymous_4)
FN:54,(anonymous_5)
FN:60,Detail
FN:62,(anonymous_7)
FN:69,(anonymous_8)
FN:70,(anonymous_9)
FN:83,ErrorModal
FN:85,(anonymous_11)
FN:87,(anonymous_12)
FN:101,Main
FN:105,(anonymous_14)
FN:109,(anonymous_15)
FN:155,(anonymous_16)
FN:162,(anonymous_17)
FN:170,(anonymous_18)
FN:177,(anonymous_19)
FN:190,Toc
FN:192,(anonymous_21)
FN:203,(anonymous_22)
FNF:23
FNH:0
FNDA:0,OrderPackage
FNDA:0,(anonymous_1)
FNDA:0,CancelOrder
FNDA:0,(anonymous_3)
FNDA:0,(anonymous_4)
FNDA:0,(anonymous_5)
FNDA:0,Detail
FNDA:0,(anonymous_7)
FNDA:0,(anonymous_8)
FNDA:0,(anonymous_9)
FNDA:0,ErrorModal
FNDA:0,(anonymous_11)
FNDA:0,(anonymous_12)
FNDA:0,Main
FNDA:0,(anonymous_14)
FNDA:0,(anonymous_15)
FNDA:0,(anonymous_16)
FNDA:0,(anonymous_17)
FNDA:0,(anonymous_18)
FNDA:0,(anonymous_19)
FNDA:0,Toc
FNDA:0,(anonymous_21)
FNDA:0,(anonymous_22)
DA:14,2
DA:17,0
DA:18,0
DA:19,0
DA:20,0
DA:21,0
DA:23,0
DA:28,0
DA:29,0
DA:30,0
DA:31,0
DA:32,0
DA:36,0
DA:44,0
DA:45,0
DA:46,0
DA:48,0
DA:49,0
DA:54,0
DA:61,0
DA:62,0
DA:64,0
DA:65,0
DA:68,0
DA:69,0
DA:71,0
DA:84,0
DA:85,0
DA:87,0
DA:88,0
DA:91,0
DA:102,0
DA:103,0
DA:104,0
DA:105,0
DA:107,0
DA:109,0
DA:110,0
DA:113,0
DA:155,0
DA:162,0
DA:170,0
DA:177,0
DA:191,0
DA:192,0
DA:194,0
DA:195,0
DA:196,0
DA:199,0
DA:203,0
LF:50
LH:1
BRDA:31,0,0,0
BRDA:31,0,1,0
BRDA:38,1,0,0
BRDA:38,1,1,0
BRDA:64,2,0,0
BRDA:64,2,1,0
BRDA:110,3,0,0
BRDA:110,3,1,0
BRDA:118,4,0,0
BRDA:118,4,1,0
BRDA:144,5,0,0
BRDA:144,5,1,0
BRDA:146,6,0,0
BRDA:146,6,1,0
BRDA:148,7,0,0
BRDA:148,7,1,0
BRDA:151,8,0,0
BRDA:151,8,1,0
BRDA:169,9,0,0
BRDA:169,9,1,0
BRDA:176,10,0,0
BRDA:176,10,1,0
BRDA:176,10,2,0
BRDA:179,11,0,0
BRDA:179,11,1,0
BRDA:194,12,0,0
BRDA:194,12,1,0
BRF:27
BRH:0
end_of_record
TN:
SF:src/components/fragments/OrderPackage/index.js
FNF:0
FNH:0
LF:0
LH:0
BRF:0
BRH:0
end_of_record
TN:
SF:src/components/fragments/OrderWifiExtender/OrderWifiExtender.js
FN:13,OrderWifiExtender
FN:17,(anonymous_1)
FN:23,(anonymous_2)
FN:34,Confirm
FN:37,(anonymous_4)
FN:62,(anonymous_5)
FN:74,Otp
FN:83,(anonymous_7)
FN:87,(anonymous_8)
FN:102,Success
FNF:10
FNH:6
FNDA:1,OrderWifiExtender
FNDA:1,(anonymous_1)
FNDA:1,(anonymous_2)
FNDA:1,Confirm
FNDA:0,(anonymous_4)
FNDA:0,(anonymous_5)
FNDA:1,Otp
FNDA:0,(anonymous_7)
FNDA:0,(anonymous_8)
FNDA:1,Success
DA:11,3
DA:14,1
DA:15,1
DA:17,1
DA:18,1
DA:21,1
DA:24,1
DA:25,0
DA:26,0
DA:27,1
DA:35,1
DA:36,1
DA:37,1
DA:38,0
DA:41,1
DA:62,0
DA:75,1
DA:76,1
DA:77,1
DA:78,1
DA:79,1
DA:80,1
DA:81,1
DA:83,1
DA:84,0
DA:87,1
DA:88,0
DA:91,1
DA:103,1
LF:29
LH:23
BRDA:18,0,0,1
BRDA:18,0,1,0
BRDA:24,1,0,0
BRDA:24,1,1,0
BRDA:24,1,2,1
BRDA:94,2,0,1
BRDA:94,2,1,0
BRF:7
BRH:3
end_of_record
TN:
SF:src/components/fragments/OrderWifiExtender/index.js
FNF:0
FNH:0
LF:0
LH:0
BRF:0
BRH:0
end_of_record
TN:
SF:src/components/fragments/PackageCategoryDetail/PackageCategoryDetail.js
FN:13,PackageCategoryDetail
FN:15,(anonymous_1)
FN:31,Loading
FN:37,(anonymous_3)
FN:46,Header
FN:48,(anonymous_5)
FN:69,Benefit
FN:71,(anonymous_7)
FN:79,(anonymous_8)
FN:80,(anonymous_9)
FN:90,(anonymous_10)
FN:96,Tnc
FN:98,(anonymous_12)
FN:105,(anonymous_13)
FN:114,ModalPackageCategory
FN:116,(anonymous_15)
FN:128,(anonymous_16)
FN:136,(anonymous_17)
FNF:18
FNH:0
FNDA:0,PackageCategoryDetail
FNDA:0,(anonymous_1)
FNDA:0,Loading
FNDA:0,(anonymous_3)
FNDA:0,Header
FNDA:0,(anonymous_5)
FNDA:0,Benefit
FNDA:0,(anonymous_7)
FNDA:0,(anonymous_8)
FNDA:0,(anonymous_9)
FNDA:0,(anonymous_10)
FNDA:0,Tnc
FNDA:0,(anonymous_12)
FNDA:0,(anonymous_13)
FNDA:0,ModalPackageCategory
FNDA:0,(anonymous_15)
FNDA:0,(anonymous_16)
FNDA:0,(anonymous_17)
DA:15,0
DA:17,0
DA:18,0
DA:21,0
DA:32,0
DA:38,0
DA:48,0
DA:49,0
DA:51,0
DA:52,0
DA:54,0
DA:71,0
DA:72,0
DA:74,0
DA:80,0
DA:90,0
DA:98,0
DA:100,0
DA:106,0
DA:116,0
DA:117,0
DA:119,0
DA:129,0
DA:137,0
DA:151,1
LF:25
LH:1
BRDA:17,0,0,0
BRDA:17,0,1,0
BRDA:122,1,0,0
BRDA:122,1,1,0
BRDA:127,2,0,0
BRDA:127,2,1,0
BRDA:146,3,0,0
BRDA:146,3,1,0
BRF:8
BRH:0
end_of_record
TN:
SF:src/components/fragments/PackageCategoryDetail/index.js
FNF:0
FNH:0
LF:0
LH:0
BRF:0
BRH:0
end_of_record
TN:
SF:src/components/fragments/PackageCategoryDetailPackage/PackageCategoryDetailPackage.js
FN:8,PackageCategoryDetailPackage
FN:14,MobileList
FN:16,(anonymous_2)
FN:23,(anonymous_3)
FN:32,DesktopList
FN:34,(anonymous_5)
FN:41,(anonymous_6)
FNF:7
FNH:0
FNDA:0,PackageCategoryDetailPackage
FNDA:0,MobileList
FNDA:0,(anonymous_2)
FNDA:0,(anonymous_3)
FNDA:0,DesktopList
FNDA:0,(anonymous_5)
FNDA:0,(anonymous_6)
DA:10,0
DA:16,0
DA:18,0
DA:24,0
DA:34,0
DA:36,0
DA:42,0
LF:7
LH:0
BRDA:10,0,0,0
BRDA:10,0,1,0
BRF:2
BRH:0
end_of_record
TN:
SF:src/components/fragments/PackageCategoryDetailPackage/index.js
FNF:0
FNH:0
LF:0
LH:0
BRF:0
BRH:0
end_of_record
TN:
SF:src/components/fragments/PackageDetailMenu/PackageDetailMenu.js
FN:10,PackageDetailMenu
FN:12,(anonymous_1)
FN:44,(anonymous_2)
FN:45,(anonymous_3)
FN:62,(anonymous_4)
FN:63,(anonymous_5)
FNF:6
FNH:6
FNDA:2,PackageDetailMenu
FNDA:1,(anonymous_1)
FNDA:2,(anonymous_2)
FNDA:1,(anonymous_3)
FNDA:1,(anonymous_4)
FNDA:1,(anonymous_5)
DA:11,2
DA:12,2
DA:13,2
DA:15,2
DA:44,2
DA:46,1
DA:61,3
DA:66,3
LF:8
LH:8
BRDA:36,0,0,1
BRDA:36,0,1,1
BRDA:43,1,0,1
BRDA:43,1,1,1
BRF:4
BRH:4
end_of_record
TN:
SF:src/components/fragments/PackageDetailMenu/index.js
FNF:0
FNH:0
LF:0
LH:0
BRF:0
BRH:0
end_of_record
TN:
SF:src/components/fragments/PaymentBankTransfer/PaymentBankTransfer.js
FN:15,PaymentBankTransfer
FN:19,(anonymous_1)
FN:25,(anonymous_2)
FN:37,ListBank
FN:40,(anonymous_4)
FN:52,(anonymous_5)
FN:54,(anonymous_6)
FN:67,BankDetail
FN:71,(anonymous_8)
FN:73,(anonymous_9)
FN:107,HowToPay
FN:108,(anonymous_11)
FN:111,(anonymous_12)
FN:121,(anonymous_13)
FN:121,(anonymous_14)
FN:126,(anonymous_15)
FN:133,(anonymous_16)
FN:146,Notif
FN:147,(anonymous_18)
FN:150,(anonymous_19)
FN:157,Timer
FN:158,(anonymous_21)
FNF:22
FNH:22
FNDA:3,PaymentBankTransfer
FNDA:3,(anonymous_1)
FNDA:3,(anonymous_2)
FNDA:3,ListBank
FNDA:2,(anonymous_4)
FNDA:2,(anonymous_5)
FNDA:1,(anonymous_6)
FNDA:3,BankDetail
FNDA:2,(anonymous_8)
FNDA:1,(anonymous_9)
FNDA:2,HowToPay
FNDA:2,(anonymous_11)
FNDA:2,(anonymous_12)
FNDA:4,(anonymous_13)
FNDA:2,(anonymous_14)
FNDA:2,(anonymous_15)
FNDA:2,(anonymous_16)
FNDA:1,Notif
FNDA:1,(anonymous_18)
FNDA:1,(anonymous_19)
FNDA:1,Timer
FNDA:1,(anonymous_21)
DA:16,3
DA:17,3
DA:19,3
DA:20,3
DA:23,3
DA:26,3
DA:27,1
DA:29,2
DA:38,3
DA:39,3
DA:40,3
DA:42,3
DA:44,3
DA:45,1
DA:48,2
DA:53,2
DA:55,1
DA:68,3
DA:69,3
DA:71,3
DA:73,3
DA:74,1
DA:75,1
DA:76,1
DA:77,1
DA:80,3
DA:108,2
DA:109,2
DA:111,2
DA:112,2
DA:113,2
DA:114,2
DA:115,2
DA:116,2
DA:118,2
DA:121,4
DA:122,2
DA:125,2
DA:127,2
DA:134,2
DA:147,1
DA:148,1
DA:150,1
DA:151,1
DA:154,1
DA:158,1
DA:159,1
DA:160,1
DA:161,1
DA:163,1
DA:164,1
DA:165,1
LF:52
LH:52
BRDA:20,0,0,3
BRDA:20,0,1,1
BRDA:26,1,0,1
BRDA:26,1,1,2
BRDA:44,2,0,1
BRDA:44,2,1,2
BRDA:84,3,0,1
BRDA:84,3,1,2
BRDA:88,4,0,1
BRDA:88,4,1,2
BRDA:93,5,0,1
BRDA:93,5,1,2
BRDA:95,6,0,1
BRDA:95,6,1,2
BRDA:100,7,0,1
BRDA:100,7,1,2
BRDA:114,8,0,2
BRDA:114,8,1,0
BRDA:118,9,0,0
BRDA:118,9,1,2
BRDA:122,10,0,0
BRDA:122,10,1,2
BRDA:126,11,0,2
BRDA:126,11,1,2
BRDA:130,12,0,0
BRDA:130,12,1,2
BRDA:133,13,0,2
BRDA:133,13,1,2
BRDA:137,14,0,0
BRDA:137,14,1,2
BRF:30
BRH:25
end_of_record
TN:
SF:src/components/fragments/PaymentBankTransfer/index.js
FNF:0
FNH:0
LF:0
LH:0
BRF:0
BRH:0
end_of_record
TN:
SF:src/components/fragments/PaymentFailed/PaymentFailed.js
FN:9,PaymentFailed
FN:13,(anonymous_1)
FN:19,(anonymous_2)
FNF:3
FNH:3
FNDA:3,PaymentFailed
FNDA:2,(anonymous_1)
FNDA:3,(anonymous_2)
DA:10,3
DA:11,3
DA:12,3
DA:13,3
DA:15,3
DA:16,3
DA:17,3
DA:19,3
DA:20,3
DA:23,3
DA:24,3
DA:25,3
DA:26,3
DA:28,3
LF:14
LH:14
BRDA:20,0,0,3
BRDA:20,0,1,3
BRDA:33,1,0,2
BRDA:33,1,1,1
BRDA:34,2,0,2
BRDA:34,2,1,1
BRDA:37,3,0,2
BRDA:37,3,1,1
BRDA:41,4,0,1
BRDA:41,4,1,1
BRDA:41,4,2,1
BRF:11
BRH:11
end_of_record
TN:
SF:src/components/fragments/PaymentFailed/index.js
FNF:0
FNH:0
LF:0
LH:0
BRF:0
BRH:0
end_of_record
TN:
SF:src/components/fragments/PaymentSuccess/PaymentSuccess.js
FN:10,PaymentSuccess
FN:15,(anonymous_1)
FN:17,(anonymous_2)
FNF:3
FNH:3
FNDA:2,PaymentSuccess
FNDA:2,(anonymous_1)
FNDA:2,(anonymous_2)
DA:11,2
DA:12,2
DA:13,2
DA:15,2
DA:17,2
DA:18,2
DA:21,2
LF:7
LH:7
BRDA:18,0,0,2
BRDA:18,0,1,2
BRF:2
BRH:2
end_of_record
TN:
SF:src/components/fragments/PaymentSuccess/index.js
FNF:0
FNH:0
LF:0
LH:0
BRF:0
BRH:0
end_of_record
TN:
SF:src/components/fragments/PersonalDataSummary/PersonalDataSummary.js
FN:13,PersonalDataSummary
FN:18,(anonymous_1)
FN:28,(anonymous_2)
FN:28,(anonymous_3)
FN:33,(anonymous_4)
FN:33,(anonymous_5)
FN:41,(anonymous_6)
FN:47,(anonymous_7)
FN:57,(anonymous_8)
FN:58,(anonymous_9)
FN:76,(anonymous_10)
FN:77,(anonymous_11)
FN:85,Summary
FN:87,(anonymous_13)
FN:99,(anonymous_14)
FN:106,(anonymous_15)
FN:128,Confirm
FN:131,(anonymous_17)
FN:139,(anonymous_18)
FNF:19
FNH:19
FNDA:4,PersonalDataSummary
FNDA:3,(anonymous_1)
FNDA:17,(anonymous_2)
FNDA:2,(anonymous_3)
FNDA:2,(anonymous_4)
FNDA:2,(anonymous_5)
FNDA:1,(anonymous_6)
FNDA:4,(anonymous_7)
FNDA:1,(anonymous_8)
FNDA:16,(anonymous_9)
FNDA:4,(anonymous_10)
FNDA:1,(anonymous_11)
FNDA:4,Summary
FNDA:1,(anonymous_13)
FNDA:12,(anonymous_14)
FNDA:12,(anonymous_15)
FNDA:2,Confirm
FNDA:1,(anonymous_17)
FNDA:1,(anonymous_18)
DA:14,4
DA:15,4
DA:16,4
DA:17,4
DA:18,4
DA:19,4
DA:20,4
DA:21,4
DA:22,4
DA:25,4
DA:26,4
DA:28,17
DA:29,2
DA:30,2
DA:33,4
DA:34,2
DA:35,1
DA:37,1
DA:41,4
DA:42,1
DA:43,1
DA:44,1
DA:47,4
DA:48,4
DA:51,4
DA:57,1
DA:59,16
DA:75,3
DA:80,3
DA:86,4
DA:87,4
DA:88,4
DA:89,4
DA:95,4
DA:100,12
DA:107,12
DA:108,3
DA:109,9
DA:110,3
DA:112,6
DA:126,3
DA:129,2
DA:130,2
DA:131,2
DA:132,2
DA:139,2
DA:140,1
DA:143,2
DA:177,3
LF:49
LH:49
BRDA:22,0,0,1
BRDA:22,0,1,3
BRDA:25,1,0,1
BRDA:25,1,1,3
BRDA:34,2,0,1
BRDA:34,2,1,1
BRDA:54,3,0,1
BRDA:54,3,1,3
BRDA:55,4,0,1
BRDA:55,4,1,3
BRDA:65,5,0,4
BRDA:65,5,1,3
BRDA:88,6,0,1
BRDA:88,6,1,3
BRDA:107,7,0,3
BRDA:107,7,1,9
BRDA:109,8,0,3
BRDA:109,8,1,6
BRDA:117,9,0,4
BRDA:117,9,1,1
BRDA:118,10,0,4
BRDA:118,10,1,3
BRDA:118,10,2,3
BRDA:169,11,0,2
BRDA:169,11,1,1
BRDA:171,12,0,1
BRDA:171,12,1,1
BRF:27
BRH:27
end_of_record
TN:
SF:src/components/fragments/PersonalDataSummary/index.js
FNF:0
FNH:0
LF:0
LH:0
BRF:0
BRH:0
end_of_record
TN:
SF:src/components/fragments/ProfileAboutPoin/ProfileAboutPoin.js
FN:6,ProfileAboutPoin
FN:9,(anonymous_1)
FN:11,(anonymous_2)
FN:18,(anonymous_3)
FN:21,(anonymous_4)
FN:25,(anonymous_5)
FNF:6
FNH:6
FNDA:2,ProfileAboutPoin
FNDA:2,(anonymous_1)
FNDA:2,(anonymous_2)
FNDA:2,(anonymous_3)
FNDA:2,(anonymous_4)
FNDA:2,(anonymous_5)
DA:8,2
DA:9,2
DA:11,2
DA:12,2
DA:15,2
DA:19,2
DA:22,2
DA:26,2
LF:8
LH:8
BRDA:18,0,0,2
BRDA:18,0,1,2
BRDA:25,1,0,2
BRDA:25,1,1,2
BRF:4
BRH:4
end_of_record
TN:
SF:src/components/fragments/ProfileAboutPoin/index.js
FNF:0
FNH:0
LF:0
LH:0
BRF:0
BRH:0
end_of_record
TN:
SF:src/components/fragments/ProfileChangeEmail/ProfileChangeEmail.js
FN:10,ProfileChangeEmail
FN:12,(anonymous_1)
FN:22,(anonymous_2)
FN:26,(anonymous_3)
FN:37,New
FN:39,(anonymous_5)
FN:41,(anonymous_6)
FN:53,Verify
FN:55,(anonymous_8)
FN:58,(anonymous_9)
FN:59,(anonymous_10)
FNF:11
FNH:11
FNDA:2,ProfileChangeEmail
FNDA:2,(anonymous_1)
FNDA:2,(anonymous_2)
FNDA:2,(anonymous_3)
FNDA:2,New
FNDA:2,(anonymous_5)
FNDA:1,(anonymous_6)
FNDA:2,Verify
FNDA:2,(anonymous_8)
FNDA:1,(anonymous_9)
FNDA:1,(anonymous_10)
DA:8,3
DA:11,2
DA:12,2
DA:13,2
DA:14,2
DA:15,2
DA:17,2
DA:22,2
DA:23,2
DA:26,2
DA:27,2
DA:30,2
DA:38,2
DA:39,2
DA:40,2
DA:41,2
DA:42,1
DA:43,1
DA:46,2
DA:54,2
DA:55,2
DA:56,2
DA:57,2
DA:58,2
DA:59,2
DA:61,2
LF:26
LH:26
BRDA:23,0,0,2
BRDA:23,0,1,1
BRDA:32,1,0,1
BRDA:32,1,1,1
BRF:4
BRH:4
end_of_record
TN:
SF:src/components/fragments/ProfileChangeEmail/index.js
FNF:0
FNH:0
LF:0
LH:0
BRF:0
BRH:0
end_of_record
TN:
SF:src/components/fragments/ProfileChangeMobile/ProfileChangeMobile.js
FN:11,ProfileChangeMobile
FN:13,(anonymous_1)
FN:19,(anonymous_2)
FN:23,(anonymous_3)
FN:34,(anonymous_4)
FN:45,New
FN:47,(anonymous_6)
FN:49,(anonymous_7)
FN:61,Request
FN:63,(anonymous_9)
FN:66,(anonymous_10)
FN:66,(anonymous_11)
FN:81,Verify
FN:83,(anonymous_13)
FN:87,(anonymous_14)
FN:88,(anonymous_15)
FNF:16
FNH:16
FNDA:3,ProfileChangeMobile
FNDA:3,(anonymous_1)
FNDA:3,(anonymous_2)
FNDA:3,(anonymous_3)
FNDA:3,(anonymous_4)
FNDA:2,New
FNDA:2,(anonymous_6)
FNDA:1,(anonymous_7)
FNDA:2,Request
FNDA:2,(anonymous_9)
FNDA:2,(anonymous_10)
FNDA:2,(anonymous_11)
FNDA:2,Verify
FNDA:2,(anonymous_13)
FNDA:1,(anonymous_14)
FNDA:1,(anonymous_15)
DA:9,3
DA:12,3
DA:13,3
DA:14,3
DA:15,3
DA:16,3
DA:17,3
DA:19,3
DA:20,3
DA:23,3
DA:24,3
DA:27,3
DA:32,3
DA:35,3
DA:36,1
DA:37,1
DA:38,1
DA:46,2
DA:47,2
DA:48,2
DA:49,2
DA:50,1
DA:51,1
DA:54,2
DA:62,2
DA:63,2
DA:64,2
DA:65,2
DA:66,2
DA:67,2
DA:68,2
DA:69,2
DA:72,2
DA:82,2
DA:83,2
DA:84,2
DA:85,2
DA:86,2
DA:87,2
DA:88,2
DA:90,2
LF:41
LH:41
BRDA:20,0,0,3
BRDA:20,0,1,2
BRDA:35,1,0,1
BRDA:35,1,1,1
BRDA:35,1,2,1
BRDA:67,2,0,1
BRDA:67,2,1,1
BRDA:86,3,0,1
BRDA:86,3,1,1
BRF:9
BRH:9
end_of_record
TN:
SF:src/components/fragments/ProfileChangeMobile/index.js
FNF:0
FNH:0
LF:0
LH:0
BRF:0
BRH:0
end_of_record
TN:
SF:src/components/fragments/ProfileUserMenu/ProfileUserMenu.js
FN:11,ProfileUserMenu
FN:15,(anonymous_1)
FN:24,(anonymous_2)
FN:56,(anonymous_3)
FN:65,(anonymous_4)
FN:67,(anonymous_5)
FN:70,(anonymous_6)
FN:71,(anonymous_7)
FN:80,ModalLogOut
FN:82,(anonymous_9)
FN:102,(anonymous_10)
FNF:11
FNH:11
FNDA:5,ProfileUserMenu
FNDA:80,(anonymous_1)
FNDA:2,(anonymous_2)
FNDA:2,(anonymous_3)
FNDA:1,(anonymous_4)
FNDA:1,(anonymous_5)
FNDA:1,(anonymous_6)
FNDA:1,(anonymous_7)
FNDA:2,ModalLogOut
FNDA:1,(anonymous_9)
FNDA:1,(anonymous_10)
DA:12,5
DA:13,5
DA:14,5
DA:15,5
DA:16,80
DA:24,5
DA:25,2
DA:26,2
DA:27,2
DA:29,5
DA:57,2
DA:65,1
DA:67,1
DA:70,1
DA:71,1
DA:81,2
DA:82,2
DA:83,1
DA:84,1
DA:87,2
DA:101,3
DA:106,3
LF:22
LH:22
BRDA:17,0,0,80
BRDA:17,0,1,25
BRDA:25,1,0,1
BRDA:25,1,1,1
BRDA:75,2,0,4
BRDA:75,2,1,1
BRF:6
BRH:6
end_of_record
TN:
SF:src/components/fragments/ProfileUserMenu/index.js
FNF:0
FNH:0
LF:0
LH:0
BRF:0
BRH:0
end_of_record
TN:
SF:src/components/fragments/ProfileUserNav/ProfileUserNav.js
FN:12,Rewards
FN:14,(anonymous_1)
FN:34,ProfileUserNav
FN:35,(anonymous_3)
FN:52,TmoneyBalance
FN:55,(anonymous_5)
FN:57,(anonymous_6)
FN:89,TmoneyBlocked
FN:92,(anonymous_8)
FN:102,(anonymous_9)
FN:103,(anonymous_10)
FNF:11
FNH:9
FNDA:0,Rewards
FNDA:0,(anonymous_1)
FNDA:2,ProfileUserNav
FNDA:1,(anonymous_3)
FNDA:3,TmoneyBalance
FNDA:1,(anonymous_5)
FNDA:1,(anonymous_6)
FNDA:2,TmoneyBlocked
FNDA:1,(anonymous_8)
FNDA:1,(anonymous_9)
FNDA:1,(anonymous_10)
DA:10,3
DA:13,0
DA:14,0
DA:15,0
DA:35,2
DA:37,2
DA:53,3
DA:55,3
DA:56,3
DA:57,1
DA:64,3
DA:68,3
DA:70,3
DA:90,2
DA:91,2
DA:92,1
DA:102,1
DA:103,1
LF:18
LH:15
BRDA:16,0,0,0
BRDA:16,0,1,0
BRDA:44,1,0,1
BRDA:44,1,1,1
BRDA:47,2,0,2
BRDA:47,2,1,0
BRDA:75,3,0,1
BRDA:75,3,1,2
BRF:8
BRH:5
end_of_record
TN:
SF:src/components/fragments/ProfileUserNav/index.js
FNF:0
FNH:0
LF:0
LH:0
BRF:0
BRH:0
end_of_record
TN:
SF:src/components/fragments/RewardsRedeem/RewardsRedeem.js
FN:12,RewardsRedeem
FN:16,(anonymous_1)
FN:22,(anonymous_2)
FN:34,Redeem
FN:38,(anonymous_4)
FN:41,(anonymous_5)
FN:45,(anonymous_6)
FN:55,(anonymous_7)
FN:60,(anonymous_8)
FN:75,(anonymous_9)
FN:109,ConfirmOrder
FN:111,(anonymous_11)
FN:129,(anonymous_12)
FN:137,Notif
FN:138,(anonymous_14)
FN:141,(anonymous_15)
FNF:16
FNH:0
FNDA:0,RewardsRedeem
FNDA:0,(anonymous_1)
FNDA:0,(anonymous_2)
FNDA:0,Redeem
FNDA:0,(anonymous_4)
FNDA:0,(anonymous_5)
FNDA:0,(anonymous_6)
FNDA:0,(anonymous_7)
FNDA:0,(anonymous_8)
FNDA:0,(anonymous_9)
FNDA:0,ConfirmOrder
FNDA:0,(anonymous_11)
FNDA:0,(anonymous_12)
FNDA:0,Notif
FNDA:0,(anonymous_14)
FNDA:0,(anonymous_15)
DA:13,0
DA:14,0
DA:16,0
DA:17,0
DA:20,0
DA:23,0
DA:24,0
DA:25,0
DA:26,0
DA:35,0
DA:36,0
DA:38,0
DA:39,0
DA:41,0
DA:45,0
DA:46,0
DA:47,0
DA:50,0
DA:55,0
DA:56,0
DA:57,0
DA:60,0
DA:61,0
DA:62,0
DA:63,0
DA:64,0
DA:67,0
DA:76,0
DA:110,0
DA:111,0
DA:112,0
DA:114,0
DA:130,0
DA:138,0
DA:139,0
DA:141,0
DA:142,0
DA:145,0
LF:38
LH:0
BRDA:17,0,0,0
BRDA:17,0,1,0
BRDA:23,1,0,0
BRDA:23,1,1,0
BRDA:23,1,2,0
BRDA:46,2,0,0
BRDA:46,2,1,0
BRDA:56,3,0,0
BRDA:56,3,1,0
BRDA:56,4,0,0
BRDA:56,4,1,0
BRDA:57,5,0,0
BRDA:57,5,1,0
BRDA:71,6,0,0
BRDA:71,6,1,0
BRDA:75,7,0,0
BRDA:75,7,1,0
BRDA:81,8,0,0
BRDA:81,8,1,0
BRDA:82,9,0,0
BRDA:82,9,1,0
BRDA:85,10,0,0
BRDA:85,10,1,0
BRDA:87,11,0,0
BRDA:87,11,1,0
BRDA:92,12,0,0
BRDA:92,12,1,0
BRDA:95,13,0,0
BRDA:95,13,1,0
BRF:29
BRH:0
end_of_record
TN:
SF:src/components/fragments/RewardsRedeem/index.js
FNF:0
FNH:0
LF:0
LH:0
BRF:0
BRH:0
end_of_record
TN:
SF:src/components/fragments/RewardsSearch/RewardsSearch.js
FN:10,RewardsSearch
FN:13,(anonymous_1)
FN:18,(anonymous_2)
FN:22,(anonymous_3)
FN:28,(anonymous_4)
FN:35,(anonymous_5)
FN:40,(anonymous_6)
FN:44,(anonymous_7)
FN:56,(anonymous_8)
FN:69,BlankState
FN:78,Result
FN:79,(anonymous_11)
FN:87,(anonymous_12)
FN:97,Popular
FN:100,(anonymous_14)
FN:102,(anonymous_15)
FN:112,(anonymous_16)
FN:113,(anonymous_17)
FNF:18
FNH:0
FNDA:0,RewardsSearch
FNDA:0,(anonymous_1)
FNDA:0,(anonymous_2)
FNDA:0,(anonymous_3)
FNDA:0,(anonymous_4)
FNDA:0,(anonymous_5)
FNDA:0,(anonymous_6)
FNDA:0,(anonymous_7)
FNDA:0,(anonymous_8)
FNDA:0,BlankState
FNDA:0,Result
FNDA:0,(anonymous_11)
FNDA:0,(anonymous_12)
FNDA:0,Popular
FNDA:0,(anonymous_14)
FNDA:0,(anonymous_15)
FNDA:0,(anonymous_16)
FNDA:0,(anonymous_17)
DA:8,1
DA:11,0
DA:12,0
DA:13,0
DA:14,0
DA:15,0
DA:16,0
DA:18,0
DA:19,0
DA:22,0
DA:23,0
DA:24,0
DA:25,0
DA:28,0
DA:29,0
DA:30,0
DA:31,0
DA:35,0
DA:36,0
DA:37,0
DA:40,0
DA:41,0
DA:44,0
DA:45,0
DA:48,0
DA:50,0
DA:52,0
DA:56,0
DA:70,0
DA:79,0
DA:81,0
DA:82,0
DA:85,0
DA:88,0
DA:98,0
DA:99,0
DA:100,0
DA:102,0
DA:103,0
DA:106,0
DA:113,0
LF:41
LH:1
BRDA:29,0,0,0
BRDA:29,0,1,0
BRDA:30,1,0,0
BRDA:30,1,1,0
BRDA:45,2,0,0
BRDA:45,2,1,0
BRDA:50,3,0,0
BRDA:50,3,1,0
BRDA:81,4,0,0
BRDA:81,4,1,0
BRDA:87,5,0,0
BRDA:87,5,1,0
BRDA:112,6,0,0
BRDA:112,6,1,0
BRF:14
BRH:0
end_of_record
TN:
SF:src/components/fragments/RewardsSearch/index.js
FNF:0
FNH:0
LF:0
LH:0
BRF:0
BRH:0
end_of_record
TN:
SF:src/components/fragments/ScheduleAppointmentContact/ScheduleAppointmentContact.js
FN:10,ScheduleAppointmentContact
FN:13,(anonymous_1)
FN:17,(anonymous_2)
FN:29,(anonymous_3)
FN:32,(anonymous_4)
FN:41,(anonymous_5)
FN:42,(anonymous_6)
FN:52,Add
FN:71,Edit
FN:91,GoodToKnow
FNF:10
FNH:10
FNDA:3,ScheduleAppointmentContact
FNDA:1,(anonymous_1)
FNDA:1,(anonymous_2)
FNDA:1,(anonymous_3)
FNDA:1,(anonymous_4)
FNDA:1,(anonymous_5)
FNDA:1,(anonymous_6)
FNDA:1,Add
FNDA:1,Edit
FNDA:2,GoodToKnow
DA:11,3
DA:13,3
DA:14,1
DA:17,3
DA:18,1
DA:19,1
DA:22,3
DA:29,1
DA:32,1
DA:38,3
DA:45,3
DA:53,1
DA:54,1
DA:67,3
DA:72,1
DA:73,1
DA:86,3
DA:92,2
DA:94,2
DA:95,1
DA:98,1
LF:21
LH:21
BRDA:26,0,0,1
BRDA:26,0,1,2
BRDA:94,1,0,1
BRDA:94,1,1,1
BRF:4
BRH:4
end_of_record
TN:
SF:src/components/fragments/ScheduleAppointmentContact/index.js
FNF:0
FNH:0
LF:0
LH:0
BRF:0
BRH:0
end_of_record
TN:
SF:src/components/fragments/ShopInternetPopularPackage/ShopInternetPopularPackage.js
FN:9,ShopInternetPopularPackage
FN:20,MobileList
FN:21,(anonymous_2)
FN:26,(anonymous_3)
FN:33,(anonymous_4)
FN:57,DesktopList
FN:58,(anonymous_6)
FN:63,(anonymous_7)
FN:70,(anonymous_8)
FN:80,Headers
FN:84,(anonymous_10)
FN:105,Articles
FN:148,dealLabel
FN:157,specialStyle
FNF:14
FNH:14
FNDA:2,ShopInternetPopularPackage
FNDA:3,MobileList
FNDA:1,(anonymous_2)
FNDA:3,(anonymous_3)
FNDA:2,(anonymous_4)
FNDA:2,DesktopList
FNDA:1,(anonymous_6)
FNDA:3,(anonymous_7)
FNDA:1,(anonymous_8)
FNDA:1,Headers
FNDA:1,(anonymous_10)
[...]
BRDA:112,7,1,1
BRF:18
BRH:18
end_of_record
TN:
SF:src/pages/ShopInternet/actions.js
FN:4,fetchAddress
FN:5,(anonymous_1)
FN:26,fetchMostPopular
FN:27,(anonymous_3)
FN:38,addressFetchedAction
FN:42,dataFetchedAction
FN:46,loadingAction
FNF:7
FNH:7
FNDA:2,fetchAddress
FNDA:2,(anonymous_1)
FNDA:2,fetchMostPopular
FNDA:2,(anonymous_3)
FNDA:2,addressFetchedAction
FNDA:2,dataFetchedAction
FNDA:4,loadingAction
DA:5,2
DA:6,2
DA:7,2
DA:8,2
DA:9,1
DA:10,1
DA:11,1
DA:19,1
DA:21,1
DA:27,2
DA:28,2
DA:29,2
DA:30,2
DA:31,1
DA:33,1
DA:39,2
DA:43,2
DA:47,4
LF:18
LH:18
BRF:0
BRH:0
end_of_record
TN:
SF:src/pages/ShopInternet/constants.js
FNF:0
FNH:0
DA:1,4
DA:2,4
DA:3,4
LF:3
LH:3
BRF:0
BRH:0
end_of_record
TN:
SF:src/pages/ShopInternet/index.js
FNF:0
FNH:0
LF:0
LH:0
BRF:0
BRH:0
end_of_record
TN:
SF:src/pages/ShopInternet/reducer.js
FN:12,reducer
FNF:1
FNH:1
FNDA:4,reducer
DA:3,2
DA:13,4
DA:15,4
DA:17,1
DA:23,1
DA:29,1
DA:35,1
LF:7
LH:7
BRDA:12,0,0,1
BRDA:12,1,0,1
BRDA:15,2,0,1
BRDA:15,2,1,1
BRDA:15,2,2,1
BRDA:15,2,3,1
BRF:6
BRH:6
end_of_record
TN:
SF:src/pages/ShopMore/ShopMore.js
FN:10,ShopMore
FN:15,(anonymous_1)
FN:34,(anonymous_2)
FNF:3
FNH:3
FNDA:2,ShopMore
FNDA:2,(anonymous_1)
FNDA:2,(anonymous_2)
DA:8,2
DA:11,2
DA:12,2
DA:13,2
DA:15,2
DA:16,2
DA:17,2
DA:20,2
DA:27,2
DA:35,2
LF:10
LH:10
BRDA:17,0,0,2
BRDA:17,0,1,1
BRF:2
BRH:2
end_of_record
TN:
SF:src/pages/ShopMore/actions.js
FN:4,fetchHboGo
FN:5,(anonymous_1)
FN:19,dataFetchedAction
FN:25,loadingAction
FNF:4
FNH:4
FNDA:2,fetchHboGo
FNDA:2,(anonymous_1)
FNDA:1,dataFetchedAction
FNDA:3,loadingAction
DA:5,2
DA:6,2
DA:7,2
DA:8,2
DA:10,1
DA:11,1
DA:14,1
DA:21,1
DA:26,3
LF:9
LH:9
BRF:0
BRH:0
end_of_record
TN:
SF:src/pages/ShopMore/constants.js
FNF:0
FNH:0
DA:1,4
DA:2,4
LF:2
LH:2
BRF:0
BRH:0
end_of_record
TN:
SF:src/pages/ShopMore/index.js
FNF:0
FNH:0
LF:0
LH:0
BRF:0
BRH:0
end_of_record
TN:
SF:src/pages/ShopMore/reducer.js
FN:14,reducer
FNF:1
FNH:1
FNDA:3,reducer
DA:3,2
DA:16,3
DA:18,3
DA:20,1
DA:32,1
DA:38,1
LF:6
LH:6
BRDA:14,0,0,1
BRDA:14,1,0,1
BRDA:18,2,0,1
BRDA:18,2,1,1
BRDA:18,2,2,1
BRF:5
BRH:5
end_of_record
TN:
SF:src/pages/Tmoney/Tmoney.js
FN:22,Tmoney
FN:32,(anonymous_1)
FN:47,Activate
FN:52,(anonymous_3)
FN:63,ChangePin
FN:71,(anonymous_5)
FN:73,(anonymous_6)
FN:82,(anonymous_7)
FN:88,(anonymous_8)
FN:115,(anonymous_9)
FN:130,(anonymous_10)
FN:138,ErrorModal
FN:141,(anonymous_12)
FN:142,(anonymous_13)
FN:156,History
FN:157,(anonymous_15)
FN:158,(anonymous_16)
FN:169,Home
FN:175,(anonymous_18)
FN:177,(anonymous_19)
FN:184,(anonymous_20)
FN:186,(anonymous_21)
FN:191,(anonymous_22)
FN:192,(anonymous_23)
FN:201,(anonymous_24)
FN:212,(anonymous_25)
FN:214,(anonymous_26)
FN:216,(anonymous_27)
FN:233,Link
FN:236,(anonymous_29)
FN:240,(anonymous_30)
FN:248,(anonymous_31)
FN:256,NoHistory
FN:257,(anonymous_33)
FN:269,Overlay
FN:271,(anonymous_35)
FN:273,(anonymous_36)
FN:280,Reset
FN:283,(anonymous_38)
FN:285,(anonymous_39)
FN:289,(anonymous_40)
FN:294,(anonymous_41)
FN:301,(anonymous_42)
FN:302,(anonymous_43)
FNF:44
FNH:38
FNDA:4,Tmoney
FNDA:4,(anonymous_1)
FNDA:2,Activate
FNDA:1,(anonymous_3)
FNDA:8,ChangePin
FNDA:6,(anonymous_5)
FNDA:2,(anonymous_6)
FNDA:1,(anonymous_7)
FNDA:1,(anonymous_8)
FNDA:8,(anonymous_9)
FNDA:1,(anonymous_10)
FNDA:2,ErrorModal
FNDA:1,(anonymous_12)
FNDA:1,(anonymous_13)
FNDA:1,History
FNDA:1,(anonymous_15)
FNDA:2,(anonymous_16)
FNDA:3,Home
FNDA:3,(anonymous_18)
FNDA:1,(anonymous_19)
FNDA:1,(anonymous_20)
FNDA:0,(anonymous_21)
FNDA:1,(anonymous_22)
FNDA:0,(anonymous_23)
FNDA:0,(anonymous_24)
FNDA:0,(anonymous_25)
FNDA:0,(anonymous_26)
FNDA:0,(anonymous_27)
FNDA:4,Link
FNDA:3,(anonymous_29)
FNDA:1,(anonymous_30)
FNDA:1,(anonymous_31)
FNDA:2,NoHistory
FNDA:1,(anonymous_33)
FNDA:1,Overlay
FNDA:1,(anonymous_35)
FNDA:1,(anonymous_36)
FNDA:5,Reset
FNDA:3,(anonymous_38)
FNDA:1,(anonymous_39)
FNDA:5,(anonymous_40)
FNDA:1,(anonymous_41)
FNDA:1,(anonymous_42)
FNDA:1,(anonymous_43)
DA:20,3
DA:23,4
DA:24,4
DA:26,4
DA:30,4
DA:33,4
DA:34,1
DA:35,1
DA:36,1
DA:37,1
DA:48,2
DA:49,2
DA:50,2
DA:52,2
DA:53,1
DA:56,2
DA:64,8
DA:65,8
DA:66,8
DA:67,8
DA:69,8
DA:70,8
DA:71,8
DA:73,8
DA:74,2
DA:75,1
DA:76,1
DA:77,1
DA:79,1
DA:82,8
DA:83,1
DA:84,1
DA:85,1
DA:88,8
DA:89,1
DA:90,1
DA:91,1
DA:94,8
DA:115,8
DA:116,8
DA:117,1
DA:118,1
DA:122,8
DA:123,8
DA:126,8
DA:130,1
DA:139,2
DA:140,2
DA:141,2
DA:142,2
DA:143,1
DA:144,1
DA:146,2
DA:157,1
DA:158,1
DA:159,2
DA:170,3
DA:171,3
DA:172,3
DA:173,3
DA:174,3
DA:175,3
DA:177,3
DA:178,1
DA:179,1
DA:180,1
DA:184,1
DA:185,1
DA:186,1
DA:187,0
DA:191,1
DA:192,1
DA:193,0
DA:194,0
DA:195,0
DA:197,0
DA:199,1
DA:200,1
DA:201,1
DA:202,0
DA:206,1
DA:212,0
DA:214,0
DA:216,0
DA:234,4
DA:235,4
DA:236,4
DA:238,4
DA:240,4
DA:241,1
DA:244,4
DA:248,1
DA:257,2
DA:258,2
DA:259,1
DA:261,1
DA:270,1
DA:271,1
DA:273,1
DA:274,1
DA:277,1
DA:281,5
DA:282,5
DA:283,5
DA:285,5
DA:286,1
DA:289,5
DA:290,5
DA:293,5
DA:294,1
DA:301,1
DA:302,1
LF:112
LH:103
BRDA:33,0,0,1
BRDA:33,0,1,1
BRDA:33,0,2,1
BRDA:33,0,3,1
BRDA:74,1,0,1
BRDA:74,1,1,1
BRDA:116,2,0,1
BRDA:116,2,1,7
BRDA:123,3,0,1
BRDA:123,3,1,7
BRDA:131,4,0,1
BRDA:131,4,1,7
BRDA:162,5,0,1
BRDA:162,5,1,1
BRDA:178,6,0,1
BRDA:178,6,1,0
BRDA:178,7,0,1
BRDA:178,7,1,1
BRDA:194,8,0,0
BRDA:194,8,1,0
BRDA:210,9,0,0
BRDA:210,9,1,1
BRDA:210,10,0,1
BRDA:210,10,1,0
BRDA:220,11,0,1
BRDA:220,11,1,0
BRDA:221,12,0,0
BRDA:221,12,1,1
BRDA:249,13,0,1
BRDA:249,13,1,3
BRDA:258,14,0,1
BRDA:258,14,1,1
BRDA:290,15,0,5
BRDA:290,15,1,1
BRDA:303,16,0,1
BRDA:303,16,1,4
BRF:36
BRH:29
end_of_record
TN:
SF:src/pages/Tmoney/actions.js
FN:10,fetchChangePin
FN:11,(anonymous_1)
FN:37,fetchHistory
FN:38,(anonymous_3)
FN:51,fetchReset
FN:52,(anonymous_5)
FN:75,fetchLink
FN:76,(anonymous_7)
FN:110,fetchSignup
FN:111,(anonymous_9)
FN:130,clearFailedDialog
FN:134,clearHistory
FN:138,failedAction
FN:142,historyFetchedAction
FN:146,loadingAction
FN:150,pinFailedAction
FN:154,resetFinishedAction
FN:158,transactionFailedAction
FNF:18
FNH:18
FNDA:4,fetchChangePin
FNDA:4,(anonymous_1)
FNDA:2,fetchHistory
FNDA:2,(anonymous_3)
FNDA:3,fetchReset
FNDA:3,(anonymous_5)
FNDA:5,fetchLink
FNDA:5,(anonymous_7)
FNDA:3,fetchSignup
FNDA:3,(anonymous_9)
FNDA:1,clearFailedDialog
FNDA:1,clearHistory
FNDA:4,failedAction
FNDA:1,historyFetchedAction
FNDA:24,loadingAction
FNDA:4,pinFailedAction
FNDA:6,resetFinishedAction
FNDA:7,transactionFailedAction
DA:5,2
DA:11,4
DA:12,4
DA:13,4
DA:14,4
DA:15,2
DA:16,1
DA:17,1
DA:19,1
DA:20,1
DA:23,2
DA:24,2
DA:25,1
DA:29,1
DA:31,1
DA:38,2
DA:39,2
DA:40,2
DA:41,2
DA:42,1
DA:43,1
DA:45,1
DA:46,1
DA:52,3
DA:53,3
DA:54,3
DA:55,3
DA:56,3
DA:57,3
DA:58,2
DA:59,2
DA:60,2
DA:61,1
DA:62,1
DA:64,1
DA:65,1
DA:68,1
DA:69,1
DA:70,1
DA:76,5
DA:77,5
DA:78,5
DA:79,5
DA:80,2
DA:81,1
DA:83,1
DA:84,1
DA:87,3
DA:88,3
DA:89,3
DA:95,3
DA:97,1
DA:98,1
DA:100,1
DA:101,1
DA:103,1
DA:104,1
DA:111,3
DA:112,3
DA:113,3
DA:114,3
DA:115,2
DA:116,2
DA:117,2
DA:118,1
DA:120,1
DA:121,1
DA:124,1
DA:125,1
DA:131,1
DA:135,1
DA:139,4
DA:143,1
DA:147,24
DA:151,4
DA:155,6
DA:159,7
LF:77
LH:77
BRDA:15,0,0,1
BRDA:15,0,1,1
BRDA:24,1,0,1
BRDA:24,1,1,1
BRDA:60,2,0,1
BRDA:60,2,1,1
BRDA:80,3,0,1
BRDA:80,3,1,1
BRDA:95,4,0,1
BRDA:95,4,1,1
BRDA:95,4,2,1
BRDA:117,5,0,1
BRDA:117,5,1,1
BRF:13
BRH:13
end_of_record
TN:
SF:src/pages/Tmoney/constants.js
FNF:0
FNH:0
DA:1,4
DA:2,4
DA:3,4
DA:4,4
DA:5,4
DA:6,4
DA:7,4
DA:8,4
LF:8
LH:8
BRF:0
BRH:0
end_of_record
TN:
SF:src/pages/Tmoney/index.js
FNF:0
FNH:0
LF:0
LH:0
BRF:0
BRH:0
end_of_record
TN:
SF:src/pages/Tmoney/reducer.js
FN:15,reducer
FNF:1
FNH:1
FNDA:12,reducer
DA:4,2
DA:17,12
DA:19,12
DA:21,1
DA:26,1
DA:31,1
DA:37,2
DA:45,3
DA:50,1
DA:56,1
DA:62,1
DA:68,1
LF:12
LH:12
BRDA:15,0,0,1
BRDA:15,1,0,1
BRDA:19,2,0,1
BRDA:19,2,1,1
BRDA:19,2,2,1
BRDA:19,2,3,2
BRDA:19,2,4,3
BRDA:19,2,5,1
BRDA:19,2,6,1
BRDA:19,2,7,1
BRDA:19,2,8,1
BRF:11
BRH:11
end_of_record
TN:
SF:src/reducers/index.js
FNF:0
FNH:0
DA:35,1
LF:1
LH:1
BRF:0
BRH:0
end_of_record
TN:
SF:src/reducers/nps.js
FN:17,reducer
FN:42,fetchNps
FN:43,(anonymous_2)
FN:53,fetchNpsSubmit
FN:54,(anonymous_4)
FN:66,updateFeedbackTimer
FN:67,(anonymous_6)
FN:77,loadingNps
FN:81,npsFetchedAction
FN:85,resultAction
FN:89,parseNpsQuestionnaires
FN:90,(anonymous_11)
FN:97,(anonymous_12)
FNF:13
FNH:0
FNDA:0,reducer
FNDA:0,fetchNps
FNDA:0,(anonymous_2)
FNDA:0,fetchNpsSubmit
FNDA:0,(anonymous_4)
FNDA:0,updateFeedbackTimer
FNDA:0,(anonymous_6)
FNDA:0,loadingNps
FNDA:0,npsFetchedAction
FNDA:0,resultAction
FNDA:0,parseNpsQuestionnaires
FNDA:0,(anonymous_11)
FNDA:0,(anonymous_12)
DA:3,1
DA:4,1
DA:5,1
DA:7,1
DA:18,0
DA:20,0
DA:22,0
DA:27,0
DA:32,0
DA:38,0
DA:43,0
DA:44,0
DA:45,0
DA:46,0
DA:48,0
DA:54,0
DA:55,0
DA:56,0
DA:57,0
DA:58,0
DA:59,0
DA:61,0
DA:67,0
DA:68,0
DA:69,0
DA:70,0
DA:72,0
DA:78,0
DA:82,0
DA:86,0
DA:90,0
DA:91,0
DA:92,0
DA:96,0
DA:97,0
DA:98,0
DA:99,0
DA:101,0
DA:104,0
LF:39
LH:4
BRDA:17,0,0,0
BRDA:17,1,0,0
BRDA:20,2,0,0
BRDA:20,2,1,0
BRDA:20,2,2,0
BRDA:20,2,3,0
BRDA:58,3,0,0
BRDA:58,3,1,0
BRDA:58,4,0,0
BRDA:58,4,1,0
BRDA:91,5,0,0
BRDA:91,5,1,0
BRF:12
BRH:0
end_of_record
TN:
SF:src/reducers/rescheduleInstallation.js
FN:20,reducer
FN:55,fetchReschedule
FN:56,(anonymous_2)
FN:68,fetchRescheduleDate
FN:69,(anonymous_4)
FN:80,dateFetchedAction
FN:84,failedAction
FN:88,loadingAction
FN:92,submitAction
FNF:9
FNH:9
FNDA:5,reducer
FNDA:2,fetchReschedule
FNDA:2,(anonymous_2)
FNDA:2,fetchRescheduleDate
FNDA:2,(anonymous_4)
FNDA:2,dateFetchedAction
FNDA:1,failedAction
FNDA:4,loadingAction
FNDA:1,submitAction
DA:5,2
DA:6,2
DA:7,2
DA:8,2
DA:10,2
DA:21,5
DA:23,5
DA:25,1
DA:32,1
DA:38,1
DA:43,1
DA:51,1
DA:56,2
DA:57,2
DA:58,2
DA:59,2
DA:60,1
DA:61,1
DA:63,1
DA:69,2
DA:70,2
DA:71,2
DA:72,2
DA:73,1
DA:75,1
DA:81,2
DA:85,1
DA:89,4
DA:93,1
LF:29
LH:29
BRDA:20,0,0,1
BRDA:20,1,0,1
BRDA:23,2,0,1
BRDA:23,2,1,1
BRDA:23,2,2,1
BRDA:23,2,3,1
BRDA:23,2,4,1
BRF:7
BRH:7
end_of_record
TN:
SF:src/services/assurance.js
FN:9,(anonymous_0)
FN:13,(anonymous_1)
FN:17,(anonymous_2)
FN:21,(anonymous_3)
FN:25,(anonymous_4)
FN:29,(anonymous_5)
FN:33,(anonymous_6)
FN:37,(anonymous_7)
FN:41,(anonymous_8)
FN:45,(anonymous_9)
FNF:10
FNH:10
FNDA:1,(anonymous_0)
FNDA:1,(anonymous_1)
FNDA:1,(anonymous_2)
FNDA:1,(anonymous_3)
FNDA:1,(anonymous_4)
FNDA:1,(anonymous_5)
FNDA:1,(anonymous_6)
FNDA:1,(anonymous_7)
FNDA:1,(anonymous_8)
FNDA:1,(anonymous_9)
DA:3,4
DA:9,4
DA:10,1
DA:13,4
DA:14,1
DA:17,4
DA:18,1
DA:21,4
DA:22,1
DA:25,4
DA:26,1
DA:29,4
DA:30,1
DA:33,4
DA:34,1
DA:37,4
DA:38,1
DA:41,4
DA:42,1
DA:45,4
DA:46,1
LF:21
LH:21
BRF:0
BRH:0
end_of_record
TN:
SF:src/services/billing.js
FN:9,(anonymous_0)
FN:13,(anonymous_1)
FN:17,(anonymous_2)
FN:21,(anonymous_3)
FNF:4
FNH:4
FNDA:1,(anonymous_0)
FNDA:1,(anonymous_1)
FNDA:1,(anonymous_2)
FNDA:1,(anonymous_3)
DA:3,4
DA:9,4
DA:10,1
DA:13,4
DA:14,1
DA:17,4
DA:18,1
DA:21,4
DA:22,1
LF:9
LH:9
BRF:0
BRH:0
end_of_record
TN:
SF:src/services/notification.js
FN:9,(anonymous_0)
FN:13,(anonymous_1)
FN:17,(anonymous_2)
FNF:3
FNH:3
FNDA:1,(anonymous_0)
FNDA:1,(anonymous_1)
FNDA:1,(anonymous_2)
DA:3,4
DA:9,4
DA:10,1
DA:13,4
DA:14,1
DA:17,4
DA:18,1
LF:7
LH:7
BRF:0
BRH:0
end_of_record
TN:
SF:src/services/nps.js
FN:9,(anonymous_0)
FN:13,(anonymous_1)
FN:17,(anonymous_2)
FN:21,(anonymous_3)
FN:25,(anonymous_4)
FNF:5
FNH:5
FNDA:1,(anonymous_0)
FNDA:1,(anonymous_1)
FNDA:1,(anonymous_2)
FNDA:1,(anonymous_3)
FNDA:1,(anonymous_4)
DA:3,5
DA:9,5
DA:10,1
DA:13,5
DA:14,1
DA:17,5
DA:18,1
DA:21,5
DA:22,1
DA:25,5
DA:26,1
LF:11
LH:11
BRF:0
BRH:0
end_of_record
TN:
SF:src/services/order.js
FN:9,(anonymous_0)
FN:13,(anonymous_1)
FN:17,(anonymous_2)
FN:21,(anonymous_3)
FN:25,(anonymous_4)
FN:29,(anonymous_5)
FN:33,(anonymous_6)
FN:37,(anonymous_7)
FN:41,(anonymous_8)
FN:45,(anonymous_9)
FN:49,(anonymous_10)
FNF:11
FNH:11
FNDA:1,(anonymous_0)
FNDA:1,(anonymous_1)
FNDA:1,(anonymous_2)
FNDA:1,(anonymous_3)
FNDA:1,(anonymous_4)
FNDA:1,(anonymous_5)
FNDA:1,(anonymous_6)
FNDA:1,(anonymous_7)
FNDA:1,(anonymous_8)
FNDA:1,(anonymous_9)
FNDA:1,(anonymous_10)
DA:3,5
DA:9,5
DA:10,1
DA:13,5
DA:14,1
DA:17,5
DA:18,1
DA:21,5
DA:22,1
DA:25,5
DA:26,1
DA:29,5
DA:30,1
DA:33,5
DA:34,1
DA:37,5
DA:38,1
DA:41,5
DA:42,1
DA:45,5
DA:46,1
DA:49,5
DA:50,1
LF:23
LH:23
BRF:0
BRH:0
end_of_record
TN:
SF:src/services/payment.js
FN:9,(anonymous_0)
FN:13,(anonymous_1)
FN:17,(anonymous_2)
FN:21,(anonymous_3)
FN:25,(anonymous_4)
FN:29,(anonymous_5)
FN:33,(anonymous_6)
FN:37,(anonymous_7)
FN:41,(anonymous_8)
FN:45,(anonymous_9)
FN:49,(anonymous_10)
FN:53,(anonymous_11)
FN:57,(anonymous_12)
FNF:13
FNH:13
FNDA:1,(anonymous_0)
FNDA:1,(anonymous_1)
FNDA:1,(anonymous_2)
FNDA:1,(anonymous_3)
FNDA:1,(anonymous_4)
FNDA:1,(anonymous_5)
FNDA:1,(anonymous_6)
FNDA:1,(anonymous_7)
FNDA:1,(anonymous_8)
FNDA:1,(anonymous_9)
FNDA:1,(anonymous_10)
FNDA:1,(anonymous_11)
FNDA:1,(anonymous_12)
DA:3,5
DA:9,5
DA:10,1
DA:13,5
DA:14,1
DA:17,5
DA:18,1
DA:21,5
DA:22,1
DA:25,5
DA:26,1
DA:29,5
DA:30,1
DA:33,5
DA:34,1
DA:37,5
DA:38,1
DA:41,5
DA:42,1
DA:45,5
DA:46,1
DA:49,5
DA:50,1
DA:53,5
DA:54,1
DA:57,5
DA:58,1
LF:27
LH:27
BRF:0
BRH:0
end_of_record
TN:
SF:src/services/product.js
FN:9,(anonymous_0)
FN:13,(anonymous_1)
FN:17,(anonymous_2)
FN:21,(anonymous_3)
FN:25,(anonymous_4)
FN:29,(anonymous_5)
FN:33,(anonymous_6)
FN:37,(anonymous_7)
FN:41,(anonymous_8)
FNF:9
FNH:9
FNDA:1,(anonymous_0)
FNDA:1,(anonymous_1)
FNDA:1,(anonymous_2)
FNDA:1,(anonymous_3)
FNDA:1,(anonymous_4)
FNDA:1,(anonymous_5)
FNDA:1,(anonymous_6)
FNDA:1,(anonymous_7)
FNDA:1,(anonymous_8)
DA:3,4
DA:9,4
DA:10,1
DA:13,4
DA:14,1
DA:17,4
DA:18,1
DA:21,4
DA:22,1
DA:25,4
DA:26,1
DA:29,4
DA:30,1
DA:33,4
DA:34,1
DA:37,4
DA:38,1
DA:41,4
DA:42,1
LF:19
LH:19
BRDA:29,0,0,1
BRF:1
BRH:1
end_of_record
TN:
SF:src/services/rewards.js
FN:11,(anonymous_0)
FN:15,(anonymous_1)
FN:19,(anonymous_2)
FN:23,(anonymous_3)
FN:27,(anonymous_4)
FN:31,(anonymous_5)
FN:35,(anonymous_6)
FN:39,(anonymous_7)
FN:43,(anonymous_8)
FN:47,(anonymous_9)
FN:51,(anonymous_10)
FNF:11
FNH:11
FNDA:1,(anonymous_0)
FNDA:1,(anonymous_1)
FNDA:1,(anonymous_2)
FNDA:1,(anonymous_3)
FNDA:1,(anonymous_4)
FNDA:1,(anonymous_5)
FNDA:1,(anonymous_6)
FNDA:1,(anonymous_7)
FNDA:1,(anonymous_8)
FNDA:1,(anonymous_9)
FNDA:1,(anonymous_10)
DA:3,4
DA:9,4
DA:11,4
DA:12,1
DA:15,4
DA:16,1
DA:19,4
DA:20,1
DA:23,4
DA:24,1
DA:27,4
DA:28,1
DA:31,4
DA:32,1
DA:35,4
DA:36,1
DA:39,4
DA:40,1
DA:43,4
DA:44,1
DA:47,4
DA:48,1
DA:51,4
DA:52,1
LF:24
LH:24
BRF:0
BRH:0
end_of_record
TN:
SF:src/services/subscription.js
FN:9,(anonymous_0)
FN:12,(anonymous_1)
FN:15,(anonymous_2)
FN:18,(anonymous_3)
FN:21,(anonymous_4)
FN:24,(anonymous_5)
FNF:6
FNH:6
FNDA:1,(anonymous_0)
FNDA:1,(anonymous_1)
FNDA:1,(anonymous_2)
FNDA:1,(anonymous_3)
FNDA:1,(anonymous_4)
FNDA:1,(anonymous_5)
DA:3,4
DA:9,4
DA:10,1
DA:12,4
DA:13,1
DA:15,4
DA:16,1
DA:18,4
DA:19,1
DA:21,4
DA:22,1
DA:24,4
DA:25,1
LF:13
LH:13
BRF:0
BRH:0
end_of_record
TN:
SF:src/services/user.js
FN:11,(anonymous_0)
FN:15,(anonymous_1)
FN:19,(anonymous_2)
FN:23,(anonymous_3)
FN:27,(anonymous_4)
FN:31,(anonymous_5)
FN:35,(anonymous_6)
FN:39,(anonymous_7)
FN:43,(anonymous_8)
FN:47,(anonymous_9)
FN:51,(anonymous_10)
FN:55,(anonymous_11)
FN:59,(anonymous_12)
FN:63,(anonymous_13)
FN:67,(anonymous_14)
FN:71,(anonymous_15)
FN:75,(anonymous_16)
FN:79,(anonymous_17)
FN:83,(anonymous_18)
FN:87,(anonymous_19)
FN:91,(anonymous_20)
FN:95,(anonymous_21)
FN:99,(anonymous_22)
FN:103,(anonymous_23)
FN:107,(anonymous_24)
FN:112,(anonymous_25)
FN:116,(anonymous_26)
FN:120,(anonymous_27)
FN:124,(anonymous_28)
FN:128,(anonymous_29)
FN:132,(anonymous_30)
FN:135,(anonymous_31)
FNF:32
FNH:32
FNDA:1,(anonymous_0)
FNDA:1,(anonymous_1)
FNDA:1,(anonymous_2)
FNDA:1,(anonymous_3)
FNDA:1,(anonymous_4)
FNDA:1,(anonymous_5)
FNDA:1,(anonymous_6)
FNDA:1,(anonymous_7)
FNDA:1,(anonymous_8)
FNDA:1,(anonymous_9)
FNDA:1,(anonymous_10)
FNDA:1,(anonymous_11)
FNDA:1,(anonymous_12)
FNDA:1,(anonymous_13)
FNDA:1,(anonymous_14)
FNDA:1,(anonymous_15)
FNDA:1,(anonymous_16)
FNDA:1,(anonymous_17)
FNDA:1,(anonymous_18)
FNDA:1,(anonymous_19)
FNDA:1,(anonymous_20)
FNDA:1,(anonymous_21)
FNDA:1,(anonymous_22)
FNDA:1,(anonymous_23)
FNDA:1,(anonymous_24)
FNDA:1,(anonymous_25)
FNDA:1,(anonymous_26)
FNDA:1,(anonymous_27)
FNDA:1,(anonymous_28)
FNDA:1,(anonymous_29)
FNDA:1,(anonymous_30)
FNDA:1,(anonymous_31)
DA:3,7
DA:9,7
DA:11,7
DA:12,1
DA:15,7
DA:16,1
DA:19,7
DA:20,1
DA:23,7
DA:24,1
DA:27,7
DA:28,1
DA:31,7
DA:32,1
DA:35,7
DA:36,1
DA:39,7
DA:40,1
DA:43,7
DA:44,1
DA:47,7
DA:48,1
DA:51,7
DA:52,1
DA:55,7
DA:56,1
DA:59,7
DA:60,1
DA:63,7
DA:64,1
DA:67,7
DA:68,1
DA:71,7
DA:72,1
DA:75,7
DA:76,1
DA:79,7
DA:80,1
DA:83,7
DA:84,1
DA:87,7
DA:88,1
DA:91,7
DA:92,1
DA:95,7
DA:96,1
DA:99,7
DA:100,1
DA:103,7
DA:104,1
DA:107,7
DA:108,1
DA:109,1
DA:112,7
DA:113,1
DA:116,7
DA:117,1
DA:120,7
DA:121,1
DA:124,7
DA:125,1
DA:128,7
DA:129,1
DA:132,7
DA:133,1
DA:135,7
DA:136,1
LF:67
LH:67
BRDA:11,0,0,1
BRDA:15,1,0,1
BRDA:19,2,0,1
BRDA:23,3,0,1
BRF:4
BRH:4
end_of_record
TN:
SF:src/store/configureStore.js
FN:9,(anonymous_0)
FN:25,(anonymous_1)
FNF:2
FNH:1
FNDA:2,(anonymous_0)
FNDA:0,(anonymous_1)
DA:7,1
DA:10,2
DA:11,2
DA:12,2
DA:17,2
DA:18,2
DA:24,2
DA:25,0
DA:26,0
DA:27,0
DA:31,2
LF:11
LH:8
BRDA:17,0,0,1
BRDA:17,0,1,1
BRDA:17,1,0,1
BRDA:17,1,1,1
BRDA:24,2,0,0
BRDA:24,2,1,2
BRDA:24,3,0,2
BRDA:24,3,1,1
BRF:8
BRH:7
end_of_record
TN:
SF:src/utils/fetch.js
FN:14,fetch
FN:15,(anonymous_1)
FN:17,(anonymous_2)
FN:18,(anonymous_3)
FN:36,getUrl
FNF:5
FNH:5
FNDA:4,fetch
FNDA:4,(anonymous_1)
FNDA:1,(anonymous_2)
FNDA:3,(anonymous_3)
FNDA:39,getUrl
DA:4,14
DA:5,14
DA:9,14
DA:15,4
DA:16,4
DA:17,1
DA:19,3
DA:25,3
DA:26,1
DA:27,2
DA:28,1
DA:30,1
DA:37,39
DA:39,39
DA:40,1
DA:43,38
DA:44,1
DA:47,37
LF:18
LH:18
BRDA:25,0,0,1
BRDA:25,0,1,2
BRDA:27,1,0,1
BRDA:27,1,1,1
BRDA:39,2,0,1
BRDA:39,2,1,38
BRDA:43,3,0,1
BRDA:43,3,1,37
BRF:8
BRH:8
end_of_record
TN:
SF:src/utils/format.js
FN:1,(anonymous_0)
FNF:1
FNH:1
FNDA:45,(anonymous_0)
DA:1,27
DA:2,45
LF:2
LH:2
BRDA:2,0,0,28
BRDA:2,0,1,17
BRF:2
BRH:2
end_of_record
TN:
SF:src/utils/redux-form-actions.js
FN:1,(anonymous_0)
FNF:1
FNH:1
FNDA:1,(anonymous_0)
DA:1,5
LF:1
LH:1
BRF:0
BRH:0
end_of_record
TN:
SF:src/utils/storage.js
FN:7,setToken
FN:11,getToken
FN:15,clearStorages
FN:23,setExpireTime
FN:27,checkExpireTime
FN:34,setUserData
FN:38,getUserData
FN:44,setGuestAddress
FN:48,getGuestAddress
FN:54,clearGuestAddress
FN:58,setSessionTime
FN:62,getSessionTime
FNF:12
FNH:12
FNDA:1,setToken
FNDA:15,getToken
FNDA:2,clearStorages
FNDA:1,setExpireTime
FNDA:2,checkExpireTime
FNDA:1,setUserData
FNDA:4,getUserData
FNDA:1,setGuestAddress
FNDA:2,getGuestAddress
FNDA:1,clearGuestAddress
FNDA:1,setSessionTime
FNDA:2,getSessionTime
DA:1,48
DA:2,48
DA:3,48
DA:4,48
DA:5,48
DA:8,1
DA:12,15
DA:16,2
DA:17,2
DA:18,2
DA:19,2
DA:20,2
DA:24,1
DA:28,2
DA:29,2
DA:31,2
DA:35,1
DA:39,4
DA:41,4
DA:45,1
DA:49,2
DA:51,2
DA:55,1
DA:59,1
DA:63,2
DA:65,2
LF:26
LH:26
BRDA:29,0,0,2
BRDA:29,0,1,1
BRDA:41,1,0,4
BRDA:41,1,1,3
BRDA:51,2,0,2
BRDA:51,2,1,1
BRDA:65,3,0,2
BRDA:65,3,1,1
BRF:8
BRH:8
end_of_record
TN:
SF:src/utils/third-parties.js
FN:1,(anonymous_0)
FNF:1
FNH:1
FNDA:2,(anonymous_0)
DA:1,2
DA:2,2
DA:3,2
DA:4,1
DA:5,1
DA:7,1
DA:8,1
DA:9,1
DA:10,1
DA:11,1
LF:10
LH:10
BRDA:3,0,0,1
BRDA:3,0,1,1
BRF:2
BRH:2
end_of_record
TN:
SF:src/utils/unit.js
FN:1,(anonymous_0)
FN:5,(anonymous_1)
FNF:2
FNH:2
FNDA:10,(anonymous_0)
FNDA:6,(anonymous_1)
DA:1,18
DA:2,10
DA:5,18
DA:6,6
LF:4
LH:4
BRDA:2,0,0,1
BRDA:2,0,1,9
BRDA:6,1,0,2
BRDA:6,1,1,4
BRF:4
BRH:4
end_of_record
TN:
SF:src/utils/validation.js
FN:9,(anonymous_0)
FN:13,validKTP
FN:17,validSIM
FN:21,validPassport
FN:31,(anonymous_4)
FN:32,(anonymous_5)
FN:33,(anonymous_6)
FN:34,(anonymous_7)
FN:35,(anonymous_8)
FN:36,(anonymous_9)
FNF:10
FNH:10
FNDA:3,(anonymous_0)
FNDA:5,validKTP
FNDA:4,validSIM
FNDA:3,validPassport
FNDA:3,(anonymous_4)
FNDA:3,(anonymous_5)
FNDA:3,(anonymous_6)
FNDA:5,(anonymous_7)
FNDA:4,(anonymous_8)
FNDA:3,(anonymous_9)
DA:1,13
DA:8,13
DA:9,13
DA:10,3
DA:14,5
DA:15,5
DA:18,4
DA:19,4
DA:22,3
DA:31,13
DA:32,13
DA:33,13
DA:34,13
DA:35,13
DA:36,13
LF:15
LH:15
BRDA:10,0,0,3
BRDA:10,0,1,2
BRDA:10,0,2,2
BRDA:15,1,0,5
BRDA:15,1,1,3
BRDA:19,2,0,4
BRDA:19,2,1,2
BRDA:23,3,0,3
BRDA:23,3,1,2
BRDA:23,3,2,2
BRDA:23,3,3,2
BRDA:23,3,4,2
BRF:12
BRH:12
end_of_record
